InstanceValidator
Bad_file_path_error  = \n********************\n* あなたが指定したファイル名、 ''{0}'' はローカルファイルシステム上に存在しません。\n* これが有効なファイルの場所であることを確認してください。\n********************\n\n
Bundle_BUNDLE_Entry_Canonical  = 正規URL（{0}）は、正規サーバ上でなければ、fullUrl（{1}）と一致することはできません
Bundle_BUNDLE_Entry_Document  = 文書の最初のエントリはcompositionでなければなりません
Bundle_BUNDLE_Entry_IdUrlMismatch  = リソースIDはエントリのfullUrl内のID（''{0}'' vs ''{1}''）と一致しません
Bundle_BUNDLE_Entry_MismatchIdUrl  = 正規URL（{0}）は、リソースID（{2}）も一致する場合に限り、fullUrl（{1}）と一致できます
Bundle_BUNDLE_Entry_NoFirst  = ドキュメントまたはメッセージには少なくとも一つのエントリを含める必要があります
Bundle_BUNDLE_Entry_NoFirstResource  = 最初のエントリにリソースがありません
Bundle_BUNDLE_Entry_NoFullUrl  = BundleエントリがfullUrlを欠いています
BUNDLE_BUNDLE_ENTRY_FULLURL_REQUIRED  = トランザクションとバッチを除き、Bundleの各エントリには、エントリ内のリソースの識別子であるfullUrlが必要です
Bundle_BUNDLE_Entry_NoProfile_TYPE  = タイプ''{1}''の{0}リソースに対するプロファイルが見つかりません
Bundle_BUNDLE_Entry_NoProfile_EXPL  = {0}リソースのタイプ''{0}''に対して指定されたプロファイル{2}が見つかりません
Bundle_BUNDLE_Entry_NO_LOGICAL_EXPL  = リソース''Binary/{0}''に対して指定された論理モデル{1}が見つかりません
Bundle_BUNDLE_Entry_NotFound  = バンドル({1})内で''{0}''が見つかりません
Bundle_BUNDLE_Entry_Orphan_MESSAGE  = エントリ{0}はMessageHeaderからのリンク（前方または後方）をたどることで到達できないため、その存在を確認する必要があります（メッセージの処理に必要？）
Bundle_BUNDLE_Entry_Orphan_DOCUMENT  = エントリ{0}はCompositionからのリンク（前方または後方）をたどることで到達できません
BUNDLE_BUNDLE_ENTRY_REVERSE_R4  = エントリ{0}はCompositionから前方にたどることで到達できません。このような使用法が承認されているのはProvenanceのみです（R4セクション3.3.1）
BUNDLE_BUNDLE_ENTRY_REVERSE_R5  = エントリ{0}はCompositionから前方にたどることで到達できません。これがnarrative contentのソースである場合、compositionから直接リンクされるべきかどうかを確認してください
BUNDLE_BUNDLE_ENTRY_REVERSE_MSG  = エントリ{0}はMessageHeaderから前方にたどることで到達できません。これが意図して含まれているものか確認してください（メッセージの処理に必要です）
Bundle_BUNDLE_Entry_Type  = タイプ''{0}''は有効ではありません - ここではリソースが許可されていません（allowed = {1}）
Bundle_BUNDLE_Entry_Type2  = タイプ''{0}''は有効ではありません - {1}でなければなりません（allowed = {2}）
Bundle_BUNDLE_Entry_Type3_one  = タイプ''{1}''は有効ではありません - タイプ{2}でなければなりません
Bundle_BUNDLE_Entry_Type3_other  = タイプ''{1}''は有効ではありません - {0}タイプのうちの一つでなければなりません: {2}
Bundle_BUNDLE_FullUrl_Missing  = fullUrlを欠いたBundle内にのエントリに相対Referenceが存在します
Bundle_BUNDLE_FullUrl_NeedVersion  = fullURL {0}に一致するエントリは、バージョン固有の参照があるためmeta/versionIdを宣言する必要があります
Bundle_BUNDLE_MultipleMatches  = reference {0}に対してバンドル内で複数の一致が見つかりました
Bundle_BUNDLE_Not_Local  = URN referenceはバンドル{0}内にローカルで含まれていません
Bundle_MSG_Event_Count  = {0} が期待されましたが、{1} のイベント要素が見つかりました
Bundle_Document_Date_Missing  = ドキュメントは日付を持っていなければなりません（Bundle.timestamp）
Bundle_Document_Date_Missing_html  = [(type = ''document'') は (meta.lastUpdated.hasValue()) を意味します]
CapabalityStatement_CS_SP_WrongType  = タイプの不一致 - SearchParameter ''{0}'' のタイプは {1} ですが、ここではタイプは {2} です
CodeSystem_CS_VS_IncludeDetails  = CodeSystem {0}は''all system''のValueSet {1}を持っていますが、インクルードに余分な詳細があります
CodeSystem_CS_VS_Invalid  = CodeSystem {0}は''all system''のValueSet {1}を持っていますが、ValueSetには一つのインクルードしかありません
CODESYSTEM_CS_VS_EXP_MISMATCH  = CodeSystem {0}は''all system''のValueSet {1}を持っていますが、それはconceptの数が異なるexpansionです（期待したのは {3} 件ですが、 {2} 件見つけました）
CodeSystem_CS_VS_WrongSystem  = CodeSystem {0}は''all system''のValueSet {1}を持っていますが、ValueSetには一致するシステム（{2}）がありません
EXTENSION_CONTEXT_UNABLE_TO_CHECK_PROFILE  = extension {0} はコンテキスト {1} を指定しますが、バリデータは現時点ではプロファイルが有効かどうかを確認できません
EXTENSION_CONTEXT_UNABLE_TO_FIND_PROFILE  = extension {0} はコンテキスト {1} を指定しますが、バリデータはそのプロファイルを見つけることができません
Extension_EXTP_Context_Wrong  = extension {0} はこの時点では使用できません (許可されているもの = {1}; この要素は {2})
Extension_EXTM_Context_Wrong  = modifierExtension {0} はこの時点では使用できません (許可されているもの = {1}; この要素は {2})
Extension_EXT_Count_Mismatch  = extensionの数が一致しません: 期待したのは {0} 件ですが、 {1} 件見つけました
Extension_EXT_Count_NotFound  = extensionの数が一致しません: extensionを見つけられません: {0}
Extension_EXT_Fixed_Banned  = 指定された固定値にextensionが含まれていないため、extensionは許可されません
Extension_EXT_Modifier_MismatchN  = Extension modifierの不一致: extension要素はmodifierとしてラベル付けされていませんが、基礎となるextensionはmodifierです
Extension_EXT_Modifier_MismatchY  = Extension modifierの不一致: extension要素はmodifierとしてラベル付けされていますが、基礎となるextensionはmodifierではありません
Extension_EXT_Modifier_N  = extension ''{0}'' はextensionとして使用してはなりません (それはmodifierExtensionです)
Extension_EXT_Modifier_Y  = extension ''{0}'' はmodifierExtensionとして使用してはなりません (それは通常のextensionです)
Extension_EXT_Simple_ABSENT  = extension ''{0}'' の定義は単純なextensionのため、値を含まなければなりません
Extension_EXT_Simple_WRONG  = extension ''{0}'' の定義は単純なextensionのため、extensionではなく値を含まなければなりません
Extension_EXT_SubExtension_Invalid  = サブextensionのurl ''{0}'' はextension {1} によって定義されていません
Extension_EXT_Type  = extension ''{0}'' の定義はタイプ {1} を許可していますが、タイプ {2} が見つかりました
Extension_EXT_URL_Absolute  = Extension.urlは絶対URLでなければなりません
Extension_EXT_Unknown  = 未知のextension {0}
Extension_EXT_Unknown_NotHere  = extension {0} は未知であり、ここでは許可されていません
Extension_EXT_Url_NotFound  = Extension.urlは必須です
Extension_EXT_Version_Internal  = extensionのurl ''{0}'' の評価状態が無効です
Extension_EXT_Version_Invalid  = extensionのurl ''{0}'' は有効ではありません (無効なバージョン ''{1}'')
Extension_EXT_Version_InvalidId  = extensionのurl ''{0}'' は有効ではありません (無効なElement id ''{1}'')
Extension_EXT_Version_NoChange  = extensionのurl ''{0}'' は有効ではありません (Element id ''{1}'' は有効ですが、関連するバージョン間で変更がないため、クロスバージョンのパラダイムで使用できません)
Fixed_Type_Checks_DT_Address_Line  = {0} を期待していましたが、{1} の行要素を見つけました
Fixed_Type_Checks_DT_Name_Family  = {0} を期待していましたが、{1} のfamily要素を見つけました
Fixed_Type_Checks_DT_Name_Given  = {0} を期待していましたが、{1} のgiven要素を見つけました
Fixed_Type_Checks_DT_Name_Prefix  = {0} を期待していましたが、{1} のprefix要素を見つけました
Fixed_Type_Checks_DT_Name_Suffix  = {0} を期待していましたが、{1} のsuffix要素を見つけました
Internal_INT_Bad_Type  = 未処理の固定値タイプ {0}
Language_XHTML_Lang_Different1  = リソースはlanguage({0})を持っており、XHTMLもlang ({1})を持っていますが、それらは異なります
Language_XHTML_Lang_Different2  = リソースはlanguage({0})を持っており、XHTMLもxml:lang ({1})を持っていますが、それらは異なります
Language_XHTML_Lang_Missing1  = リソースにはlanguageがありますが、XHTMLにはlangタグまたはxml:langタグがありません (両方が必要 - 参照 https://www.w3.org/TR/i18n-html-tech-lang/#langvalues)
Language_XHTML_Lang_Missing2  = リソースにはlanguageがありますが、XHTMLにはlangタグがありません (langとxml:langの両方が必要 - 参照 https://www.w3.org/TR/i18n-html-tech-lang/#langvalues)
Language_XHTML_Lang_Missing3  = リソースにはlanguageがありますが、XHTMLにはxml:langタグがありません (langとxml:langの両方が必要 - 参照 https://www.w3.org/TR/i18n-html-tech-lang/#langvalues)
eta_RES_Security_Duplicate  = 重複したセキュリティラベル {0}
ustSupport_VAL_MustSupport  = 要素 {0} はプロファイル {1} で ''mustSupport''としてマークされていません。その要素を使わないか、またはプロファイルで要素をmust-Supportとしてマークすることを検討してください
Profile_EXT_Not_Here  = extension {0} は、この点で使用することは許されていません（コンテキスト不変 ''{1}'' に基づいて）
Profile_VAL_MissingElement  = 要素 ''{0}'' が欠落しています - プロファイル {1} で割り当てられた固定値により必要とされます
Profile_VAL_NotAllowed  = 要素 {0} はインスタンスに存在しますが、プロファイルで指定された適用可能な {1} では許可されていません
easure_MR_M_None  = Measureが特定されていないため、Measureに対する検証は実行できません
easure_MR_M_NotFound  = Measure ''{0}'' を解決できませんでした、Measureに対する検証は実行できません
Questionnaire_QR_Item_BadOption  = 提供されたコード {1}（システム {0}）はQuestionnaireのオプションValueSet（{2}）には存在しません: {3}
QUESTIONNAIRE_QR_ITEM_BADOPTION_CS  = 提供されたコード {1} はQuestionnaireのオプションValueSet（{2}）で検証できません。システム {0} は未知です
Questionnaire_QR_Item_Coding  = エラー {0} はQuestionnaireオプションに対するCodingを検証します
Questionnaire_QR_Item_CodingNoOptions  = オプションリストが提供されていないため、Codingオプションを検証することはできません
Questionnaire_QR_Item_DateNoOptions  = オプションリストが提供されていないため、日付の回答オプションを検証することはできません
Questionnaire_QR_Item_Display  = DISPLAYタイプ以外のアイテムは、アイテムを持つべきではありません - linkId {0}
Questionnaire_QR_Item_Group  = グループタイプのアイテムは回答を持つべきではありません
Questionnaire_QR_Item_GroupAnswer  = グループタイプ以外のアイテムは、回答の外側にアイテムを持つべきではありません（.itemではなくanswer.itemを使用します）
Questionnaire_QR_Item_IntNoOptions  = オプションリストが提供されていないため、integerの回答オプションを検証することはできません
Questionnaire_QR_Item_Missing  = 必須アイテム ''{0}'' に対する回答が見つかりません
Questionnaire_QR_Item_NoCoding  = コード {0}::{1} は有効なオプションではありません
Questionnaire_QR_Item_NoDate  = 日付 {0} は有効なオプションではありません
Questionnaire_QR_Item_NoInteger  = 整数 {0} は有効なオプションではありません
Questionnaire_QR_Item_NoLinkId  = LinkIdがないため、検証できません
Questionnaire_QR_Item_NoOptions  = オプションが提供されていないため、オプションを検証することができません
Questionnaire_QR_Item_NoOptionsCoding  = オプションリストにはcoding型のオプション値がありません
Questionnaire_QR_Item_NoOptionsDate  = オプションリストにはdate型のオプション値がありません
Questionnaire_QR_Item_NoOptionsInteger  = オプションリストにはinteger型のオプション値がありません
Questionnaire_QR_Item_NoOptionsString  = オプションリストにはstring型のオプション値がありません
Questionnaire_QR_Item_NoOptionsTime  = オプションリストにはtime型のオプション値がありません
Questionnaire_QR_Item_NoString  = 文字列 {0} は有効なオプションではありません
Questionnaire_QR_Item_NoTime  = 時間 {0} は有効なオプションではありません
Questionnaire_QR_Item_NoType  = アイテム {0} の定義にはタイプが含まれていません
Questionnaire_QR_Item_NotEnabled  = アイテムが有効でないにもかかわらず回答（2）を持っています {0}
Questionnaire_QR_Item_NotEnabled2  = アイテムが有効でないにもかかわらず回答を持っています（item id = ''{0}''）
Questionnaire_QR_Item_NotFound  = QuestionnaireでLinkId ''{0}'' が見つかりません
Questionnaire_QR_Item_OnlyOneA  = このLinkIdを持つ回答アイテムは1つだけ許可されます
Questionnaire_QR_Item_OnlyOneI_one  = 
Questionnaire_QR_Item_OnlyOneI_other  = LinkId {1} を持つ回答アイテムは1つだけ許可されます - {0} 個のアイテムが見つかりました
Questionnaire_QR_Item_Order  = 構造的エラー：アイテムの順序が不適切です
Questionnaire_QR_Item_StringNoOptions  = オプションリストが提供されていないため、string型の回答オプションを検証することはできません
Questionnaire_QR_Item_Text  = テキストが存在する場合、それはLinkId {0} のQuestionnaire定義と一致しなければなりません
Questionnaire_QR_Item_TimeNoOptions  = オプションリストが提供されていないため、時間型の回答オプションを検証することはできません
Questionnaire_QR_Item_WrongType_one  = 回答値は {1}型でなければなりません
Questionnaire_QR_Item_WrongType_other  = 回答値は {0} 型のいずれかでなければなりません ({1})
Questionnaire_QR_Q_None  = Questionnaireが特定されていないため、ベースQuestionnaireに対する検証は行えません
Questionnaire_QR_Q_NotFound  = Questionnaire ''{0}'' を解決できないため、ベースQuestionnaireに対する検証は行えません
Questionnaire_Q_EnableWhen_After  = このenableWhenルール ({0}) のターゲットは、質問自体の後に来ます
Questionnaire_Q_EnableWhen_IsInner  = enableWhenを持つ質問は、そのenableWhen条件について内部質問を参照することはできません
Questionnaire_Q_EnableWhen_NoLink  = enableWhenを持つ質問は、質問リンクに値を持つ必要があります
Questionnaire_Q_EnableWhen_NoTarget  = enableWhenにて ''{1}'' の参照があるlinkId ''{0}'' のアイテムを見つけることができません
Questionnaire_Q_EnableWhen_Self  = この質問のenableWhenのターゲットは自身を参照することはできません
Reference_REF_Aggregation  = 参照は {0} であり、参照に対して指定された集約モード（{1}）によってサポートされていません
Reference_REF_BadTargetType  = 無効なリソースターゲットタイプ。{0} を見つけましたが、 ({1}) のいずれかを期待していました
Reference_REF_BadTargetType2  = 参照URL {1} によって示されるタイプ ''{0}'' は、この要素の有効なターゲットではありません（{2} のいずれかでなければなりません）
Reference_REF_CantMatchChoice  = 選択肢 {1} の中からprofile {0} のマッチを見つけることができません
Reference_REF_CantMatchType  = 選択肢 {1} の中からprofile {0}（タイプ別）のマッチを見つけることができません
Reference_REF_CantResolve  = 参照 ''{0}'' のリソースを解決できません
Reference_REF_CantResolveProfile  = profile参照 ''{0}'' を解決できません
Reference_REF_Format1  = 相対URLは[ResourceName]/[id]の形式でなければならず、または検索URL（[type]?parameters）が許可されます。 {0} に遭遇しました
Reference_REF_Format2  = 相対URLは[ResourceName]/[id]の形式でなければならない。 {0} に遭遇しました
Reference_REF_MultipleMatches  = 選択肢 {1} の中で {0} に対する複数のprofileがマッチしました
Reference_REF_NoDisplay  = 実際のreferenceまたはidentifierがないreferenceはdisplayを持つべきです
Reference_REF_NoType  = Bundleまた+D130はcontained参照がバンドル/リソース {0} 内に見つかりません
Reference_REF_NotFound_Bundle  = Bundle/containedリソースに対する参照がバンドル/リソース {0} 内に見つかりません
Reference_REF_ResourceType  = reference {0} がresourceType {1}にマッチしています
Reference_REF_WrongTarget  = タイプ ''{0}'' はこの要素の有効なターゲットではありません（{1} のいずれかでなければなりません）
REFERENCE_REF_WRONGTARGET_LOAD  = タイプ ''{2}'' は要素 {0} の有効なターゲットではありません（{1} でなければなりません）
Resource_RES_ID_Malformed_Length  = 無効なリソースID：長すぎます ({0} 文字)
Resource_RES_ID_Malformed_Chars  = 無効なリソースID：無効な文字 (''{0}'')
Resource_RES_ID_Missing  = リソースにはidが必要ですが、存在しません
Resource_RES_ID_Prohibited  = リソースにはidがありますが、許可されていません
Terminology_PassThrough_TX_Message  =  {0} for ''{1}#{2}''
Terminology_TX_Binding_CantCheck  = URI参照によるバインディングはチェックできません
Terminology_TX_Binding_Missing  = CodeableConcept {0}のバインディングがありません
Terminology_TX_Binding_Missing2  = Coding {0}のバインディングがありません
Terminology_TX_Binding_NoServer  = 用語サーバーが存在しないため、提供された値（[{0}]）を検証できませんでした
Terminology_TX_Binding_NoSource  = パス{0}のバインディングにはソースがないため、チェックできません
Terminology_TX_Binding_NoSource2  = バインディングにソースがないため、チェックできません
Terminology_TX_Code_NotValid  = コード{0}はコードシステム{1}で有効なコードではありません
Terminology_TX_Code_Unknown  = 不明なコード（{0}#{1}）
Terminology_TX_Code_ValueSet  = コードが提供されていません。ValueSet {0} のコードが必須です
Terminology_TX_Code_ValueSet_MISSING  = コードが提供されていません。ValueSetのコードが必須です
Terminology_TX_Code_ValueSetMax  = コードが提供されておらず、ValueSet{0}からコードを提供する必要があります（最大ValueSet{1}）
Terminology_TX_Code_ValueSet_Ext  = コードが提供されておらず、ValueSet{0}からコードを提供する必要があります
Terminology_TX_Coding_Count  = {0}が期待されていましたが、{1}のcoding要素が見つかりました
Terminology_TX_Confirm_1_CC  = 提供されたcodingがValueSet{0}に含まれていることを確認できませんでした。このValueSetからのcodingが必須です（クラス= {1}）
Terminology_TX_Confirm_2_CC  = 提供されたcodingがValueSet{0}に含まれていることを確認できませんでした。適切なコードがない場合を除き、このValueSetからのcodingが必要です（バリデータは何が適切か判断できません）（クラス= {1}）
Terminology_TX_Confirm_3_CC  = 提供されたcodingがValueSet{0}に含まれていることを確認できませんでした。このValueSetからのcodingが推奨されています（クラス= {1}）
Terminology_TX_Confirm_4a  = 提供されたcode（{2}）がValueSet{0}に含まれていません。このValueSetからのcodeが必要です：{1}
Terminology_TX_Confirm_4b  = 提供されたcode（{2}）がValueSet{0}に含まれていません。このValueSetからのcodeが必要です：{1}
Terminology_TX_Confirm_5  = 提供されたcodeがValueSet{0}に含まれていることを確認できませんでした。適切なコードがない場合を除き、このValueSetからのcodeが必要です（バリデータは何が適切か判断できません）
Terminology_TX_Confirm_6  = 提供されたcodeがValueSet {0}に含まれていることを確認できませんでした。このValueSetからのcodeが推奨されています
Terminology_TX_Display_Wrong  = displayは''{0}''である必要があります
Terminology_TX_Error_CodeableConcept  = CodeableConceptの検証中にエラーが発生しました {0}
Terminology_TX_Error_CodeableConcept_Max  = maxValueSetを使用してCodeableConceptを検証する際にエラーが発生しました {0}
Terminology_TX_Error_Coding1  = Codingの検証中にエラーが発生しました {0}
Terminology_TX_Error_Coding2  = Codingの検証中にエラーが発生しました {0}: {1}
Terminology_TX_NoValid_1_CC  = 提供されたcodingのいずれもがValueSet {0}に含まれておらず、このValueSetからのcodingが必要です（codes = {1}）
Terminology_TX_NoValid_10  = 提供されたcodeは最大ValueSet {0}に含まれていません。このValueSetからのcodeが必要です（code = {1}#{2}）
Terminology_TX_NoValid_11  = 提供されたcodeは最大ValueSet {0}に含まれていません。このValueSetからのcodeが必要です（code = {1}#{2}, error = {3}）
Terminology_TX_NoValid_12  = 提供されたCoding（{2}）がValueSet{0}に含まれていません。このValueSetからのcodeが必要です。{1}
Terminology_TX_NoValid_13  = 提供されたCoding（{2}）がValueSet{0}に含まれていません。適切なcodeがない場合を除き、このValueSetからのcodeが必要です（バリデータは何が適切か判断できません）。{1}
Terminology_TX_NoValid_14  = 提供されたCoding（{2}）がValueSet{0}に含まれていません。このValueSetからのcodeが推奨されます。{1}
Terminology_TX_NoValid_15  = 用語サーバーが存在しないため、提供された値（''{0}''）を検証できませんでした
Terminology_TX_NoValid_15A  = code system {1}が不明なため、提供された値（''{0}''）を検証できませんでした
Terminology_TX_NoValid_16  = 提供された値（''{0}''）はValueSet {1}に含まれていません。このValueSetからのcodeが必要です）{2}
Terminology_TX_NoValid_17  = 提供された値（''{0}''）はValueSet {1}に含まれていません。適切なコードがない場合を除き、このValueSetからのcodeが必要です（バリデータは何が適切か判断できません）{2}
Terminology_TX_NoValid_18  = 提供された値（''{0}''）はValueSet{1}に含まれていません。このValueSetからのcodeが推奨されています）{2}
Terminology_TX_NoValid_2_CC  = 提供されたcodingのいずれもがValueSet{0}に含まれていません。適切なコードがない場合を除き、このValueSetからのcodingが必要です（バリデータは何が適切か判断できません）（codes = {1}）
Terminology_TX_NoValid_3_CC  = 提供されたcodingのいずれもがValueSet{0}に含まれていないません。このValueSetからのcodingが推奨されています）（codes = {1}）
Terminology_TX_NoValid_4  = 提供されたCoding（{2}）がValueSet{0}に含まれていません。このValueSetからのcodeが必要です{1}
Terminology_TX_NoValid_5  = 提供されたCoding（{2}）がValueSet{0}に含まれていません。適切なコードがない場合を除き、このValueSetからのcodeが必要です（バリデータは何が適切か判断できません）{1}
Terminology_TX_NoValid_6  = 提供されたCoding（{2}）がValueSet{0}に含まれていません。このValueSetからのcodeが推奨されています {1}
Terminology_TX_NoValid_7  = 提供されたcodeのいずれもが最大ValueSet {0}で検証できませんでした（error = {2}）
Terminology_TX_NoValid_8  = 提供されたコードのいずれもが最大ValueSet {0}に含まれていません。このValueSetからのコードが必要です（codes = {1}）
Terminology_TX_NoValid_9  = 提供されたコード（{2}）は最大ValueSet {0}で検証できませんでした（エラー= {1}）
Terminology_TX_System_Invalid  = 無効なシステムURI：{0}
Terminology_TX_System_NotKnown  = コードシステムURI ''{0}''が不明なため、コードを検証できません
TERMINOLOGY_TX_SYSTEM_NOT_USABLE  = URIが''{0}''のCodeSystemの定義にはcodeが提供されていないため、codeを検証できません
Terminology_TX_System_Relative  = Coding.systemはローカル参照ではなく、絶対参照である必要があります
Terminology_TX_System_Unknown  = 不明なCodeSystem ''{0}''
Terminology_TX_System_ValueSet  = 無効なシステムURI：{0} - ValueSetURIをシステムとして使用できません
Terminology_TX_System_ValueSet2  = CodingがCodeSystemではなく、ValueSetを参照しています（''{0}''）
Terminology_TX_ValueSet_NotFound  = ValueSet {0}が見つかりません
Terminology_TX_ValueSet_NotFound_CS  = ValueSetがあるべき場所にCodeSystem（{0}）への参照が見つかりました
Type_Specific_Checks_DT_Base64_Valid  = 値''{0}''は有効なBase64値ではありません
Type_Specific_Checks_DT_Boolean_Value  = 真偽値は''true''または''false''でなければなりません
Type_Specific_Checks_DT_Code_WS  = コード ''{0}'' は有効ではありません (空白のルール)
Type_Specific_Checks_DT_DateTime_Reasonable  = 値 ''{0}'' は、合理的な年の範囲外です - データ入力エラーを確認してください
Type_Specific_Checks_DT_DateTime_Regex  = instant ''{0}'' は有効ではありません（正規表現による）
Type_Specific_Checks_DT_DateTime_TZ  = 日付に時間がある場合、タイムゾーンを持たなければなりません
Type_Specific_Checks_DT_DateTime_Valid  = 有効な日付/時間ではありません ({0})
Type_Specific_Checks_DT_Date_Valid  = 有効な日付ではありません ({0})
Type_Specific_Checks_DT_Decimal_Range  = 値 ''{0}'' は、一般的に/合理的にサポートされている十進数の範囲外です
Type_Specific_Checks_DT_Decimal_Valid  = 値 ''{0}'' は有効な十進数ではありません
Type_Specific_Checks_DT_Decimal_GT  = 値は許可された最大値 {0} を超えています
Type_Specific_Checks_DT_Decimal_LT  = 値は許可された最小値 {0} を下回っています
Type_Specific_Checks_DT_ID_Valid  = id値 ''{0}'' は有効ではありません
Type_Specific_Checks_DT_Identifier_System  = Identifier.systemは絶対参照でなければならず、ローカル参照ではありません
Type_Specific_Checks_DT_Instant_Valid  = 有効なinstantではありません ({0})
Type_Specific_Checks_DT_Integer64_Valid  = 値 ''{0}'' は有効なinteger64ではありません
Type_Specific_Checks_DT_Integer_GT  = 値は許可された最大値 {0} を超えています
Type_Specific_Checks_DT_Integer_LT  = 値は許可された最小値 {0} を下回っています
Type_Specific_Checks_DT_Integer_LT0  = 値は許可された最小値 0 を下回っています
Type_Specific_Checks_DT_Integer_LT1  = 値は許可された最小値 1 を下回っています
Type_Specific_Checks_DT_Integer_Valid  = 値 ''{0}'' は有効な整数ではありません
Type_Specific_Checks_DT_OID_Start  = OIDはurn:oid:で始まる必要があります
Type_Specific_Checks_DT_OID_Valid  = OIDは有効である必要があります ({0})
Type_Specific_Checks_DT_Primitive_Length  = 値は許可された最大長 {0} より長いです
Type_Specific_Checks_DT_Primitive_NotEmpty  = 値は空にできません
Type_Specific_Checks_DT_Primitive_Regex  = 要素値 ''{0}'' は正規表現 ''{1}'' を満たしていません
TYPE_SPECIFIC_CHECKS_DT_PRIMITIVE_REGEX_EXCEPTION  = タイプ {1} に対する正規表現 ''{0}'' を評価中に例外が発生しました：{2}
Type_Specific_Checks_DT_Primitive_Regex_Type  = 要素値 ''{0}'' は {1} の正規表現 ''{2}'' を満たしていません
Type_Specific_Checks_DT_Primitive_ValueExt  = プリミティブ型は値を持つか、子エクステンションを持つ必要があります
Type_Specific_Checks_DT_Primitive_WS  = プリミティブ型は空白だけであるべきではありません
Type_Specific_Checks_DT_String_Length  = 値は許可された最大長 1 MB (1048576 bytes) より長いです
Type_Specific_Checks_DT_String_WS  = 値は空白で始まったり終わったりするべきではありません　 ''{0}'' 
Type_Specific_Checks_DT_String_WS_ALL  = 値はすべて空白であってはなりません ''{0}'' 
Type_Specific_Checks_DT_Time_Valid  = 有効な時間ではありません ({0})
Type_Specific_Checks_DT_URI_OID  = URIの値はoid:で始まることはできません
Type_Specific_Checks_DT_URI_UUID  = URIの値はuuid:で始まることはできません
Type_Specific_Checks_DT_URI_WS  = URIの値には空白があってはなりません(''{0}'')
Type_Specific_Checks_DT_URL_Resolve  = URL値 ''{0}'' は解決できません
Type_Specific_Checks_DT_UUID_Strat  = UUIDはurn:uuid:で始まる必要があります
Type_Specific_Checks_DT_UUID_Valid  = UUIDは有効で小文字である必要があります ({0})
Validation_BUNDLE_Message  = メッセージの最初のエントリはMessageHeaderでなければなりません
Validation_VAL_Content_Unknown  = 認識できない内容 {0}
Validation_VAL_NoType  = 未知の型 {0}
Validation_VAL_Profile_MatchMultiple  = プロファイル{0}、要素は複数のスライスに一致します - {1}, {2}
Validation_VAL_Profile_Maximum_one  = {3}: 最大許容値 = {7}、見つかった値 = {0} (from {1})
Validation_VAL_Profile_Maximum_other  = {3}: 最大許容値 = {7}、見つかった値 = {0} (from {1})
Validation_VAL_Profile_Minimum_one  = {3}: 最小必要値 = {7}、見つかった値 = {0} (from {1})
Validation_VAL_Profile_Minimum_other  = {3}: 最小必要値 = {7}、見つかった値 = {0} (from {1})
Validation_VAL_Profile_NoCheckMax_one  = {3}: {0}の一致が見つかりましたが、スライス検証がないため最大許容値({2})をチェックできません (from {1})
Validation_VAL_Profile_NoCheckMax_other  = {3}: {0}の一致が見つかりましたが、スライス検証がないため最大許容値({2})をチェックできません (from {1})
Validation_VAL_Profile_NoCheckMin_one  = {3}: {0}の一致が見つかりましたが、スライス検証がないため最小必要値({2})をチェックできません (from {1})
Validation_VAL_Profile_NoCheckMin_other  = {3}: {0}の一致が見つかりましたが、スライス検証がないため最小必要値({2})をチェックできません (from {1})
Validation_VAL_Profile_MultipleMatches_one  = {0}の選択肢の中で複数の一致するプロファイルが見つかりました: {1}
Validation_VAL_Profile_MultipleMatches_other  = {0}の選択肢の中で複数の一致するプロファイルが見つかりました: {1}
Validation_VAL_Profile_NoDefinition  = リソースタイプ''{0}''の定義が見つかりません
Validation_VAL_Profile_NoMatch  = 指定されたプロファイルに一致するものが選択肢{0}の中に見つかりません
Validation_VAL_Profile_NoSnapshot  = StructureDefinition {0}にはsnapshotがありません - 検証はsnapshotに対して行われるため、これを提供する必要があります
Validation_VAL_Profile_NoType  = 要素{0}の型が未知であり、無効です。この時点で有効な型は{1}です
Validation_VAL_Profile_NotAllowed  = この要素はプロファイル {0}によって許可されていません
Validation_VAL_Profile_NotSlice  = この要素は既知のスライス{0}と一致せず、スライスは閉じています: {1}
Validation_VAL_Profile_OutOfOrder  = プロファイル {0}によると、要素''{1}''の順序が誤っています（{2}の後に見つかりました）
Validation_VAL_Profile_SliceOrder  = プロファイル {0}によると、順序付けされたスライスの中で要素''{1}''の順序が誤っています
Validation_VAL_Profile_Unknown  = プロファイル参照''{0}''は未知のため、確認されていません
VALIDATION_VAL_PROFILE_UNKNOWN_NOT_POLICY  = プロファイル参照''{0}''は未知のため、確認されていません。バリデーターは未知のプロファイルを取得しない設定になっています
VALIDATION_VAL_PROFILE_UNKNOWN_ERROR  = プロファイル参照''{0}''は未知のため、確認されていません。取得はエラー {1}により失敗しました
VALIDATION_VAL_PROFILE_UNKNOWN_ERROR_NETWORK  = プロファイル参照''{0}''は未知のため、確認されていません。ホスト {1} が見つかりません
Validation_VAL_Unknown_Profile  = 未知のプロファイル {0}
VALIDATION_VAL_PROFILE_DEPENDS_NOT_RESOLVED  = プロファイル {1} が依存関係 {2} を特定しています（extension http://hl7.org/fhir/StructureDefinition/structuredefinition-dependencies を使用）が、このプロファイルは見つかりませんでした
XHTML_XHTML_Attribute_Illegal  = XHTMLの属性名が無効です(''{0}'' on ''{1}'')
XHTML_XHTML_Element_Illegal  = XHTMLの要素名が無効です(''{0}'')
XHTML_XHTML_Entity_Illegal  = XHTMLのエンティティが無効です(''{0}'')
XHTML_XHTML_Image_Reference_Illegal  = XHTMLの画像参照が無効です(''{0}'')
XHTML_XHTML_NS_InValid  = XHTMLのネームスペースが間違っています(''{0}'', ''{1}''であるべきです)
XHTML_XHTML_Name_Invalid  = XHTMLの名前が間違っています(''{0}'') - divで始まる必要があります
_DT_Fixed_Wrong  = 値は ''{0}'' ですが、 ''{1}'' でなければなりません
All_observations_should_have_an_effectiveDateTime_or_an_effectivePeriod  = すべてのObservationにはeffectiveDateTimeまたはeffectivePeriodが必要です
All_observations_should_have_a_performer  = すべてのObservationにはperformerが必要です
All_observations_should_have_a_subject  = すべてのObservationにはsubjectが必要です
Unable_to_resolve_slice_matching__no_fixed_value_or_required_value_set  = スライスマッチングを解決できません - 固定値または必要なValueSetがありません
Unable_to_resolve_slice_matching__slice_matching_by_value_set_not_done  = スライスマッチングを解決できません - ValueSetによるスライスマッチングは行われません
Problem_processing_expression__in_profile__path__  = プロファイル ''{1}'' のパス ''{2}'' での式 ''{0}'' の処理に問題が発生しました: {3}
Unable_to_find_element_with_id_  = id ''{0}''を持つ要素が見つかりません
Slice_encountered_midway_through_set_path___id___  = セットの途中でスライスが出現しました (path  = {0}, id = {1})；{2}
Unable_to_resolve_actual_type_  = 実際のタイプ {0} を解決できません
Unsupported_version_R1  = サポートされていないバージョンR1
Unsupported_version_R2  = サポートされていないバージョンR2
Unsupported_version_R2B  = サポートされていないバージョンR2B
Unsupported_fixed_value_type_for_discriminator_for_slice__  = スライス{1}のdiscriminator ({0})に対する固定値タイプはサポートされていません：{2}
Unsupported_CodeableConcept_pattern__extensions_are_not_allowed__for_discriminator_for_slice_  = サポートされていないCodeableConceptパターン - extensionは許可されていません - スライス{1}のdiscriminator({0})用
Unsupported_CodeableConcept_pattern__must_have_at_least_one_coding__for_discriminator_for_slice_  = サポートされていないCodeableConceptパターン - 少なくとも一つのcodingが必要 - スライス{1}のdiscriminator({0})用
Unsupported_CodeableConcept_pattern__using_text__for_discriminator_for_slice_  = サポートされていないCodeableConceptパターン - textの使用 - スライス{1}のdiscriminator({0})用
Unsupported_Identifier_pattern__extensions_are_not_allowed__for_discriminator_for_slice_  = サポートされていないIdentifierパターン - extensionは許可されていません - スライス{1}のdiscriminator({0})用
Unsupported_fixed_pattern_type_for_discriminator_for_slice__  = スライス{1}のdiscriminator({0})に対する固定パターンタイプはサポートされていません：{2}
Problem_evaluating_slicing_expression_for_element_in_profile__path__fhirPath___  = プロファイル {0} パス {1} の要素に対するスライシング表現の評価に問題が発生しました (fhirPath = {2}): {3}
Could_not_match_discriminator_for_slice_in_profile_one  = スライス {1} のdiscriminator ({0}) をプロファイル {2} に一致させることができませんでした - discriminator {3} は固定値、バインディング、存在アサーションを持っていません
Could_not_match_discriminator_for_slice_in_profile_other  = スライス {2} のいずれのdiscriminator ({1}) もプロファイル {3} に一致させることができませんでした - {0} discriminator {4} のいずれも固定値、バインディング、存在アサーションを持っていません
Discriminator__is_based_on_element_existence_but_slice__neither_sets_min1_or_max0  = discriminator ({0}) は要素の存在に基づいていますが、スライス {1} は min>=1 も max=0 も設定していません
Profile_based_discriminators_must_have_a_type_with_a_profile__in_profile_  = プロファイルベースのディスクリミネータはプロファイルを持つタイプを持つ必要があります（プロファイル {1} の {0}）
Profile_based_discriminators_must_have_only_one_type__in_profile_one  = 
Profile_based_discriminators_must_have_only_one_type__in_profile_other  = プロファイルベースのディスクリミネータは一つのタイプしか持つことができません（プロファイル {2} の {1}）ですが、{0} のタイプが見つかりました
Profile_based_discriminators_must_have_a_type__in_profile_  = プロファイルベースのディスクリミネータはタイプを持つ必要があります（プロファイル {1} の {0}）
Discriminator__is_based_on_type_but_slice__in__has_no_types  = discriminator ({0}) はタイプに基づいていますが、{2} のスライス {1} にはタイプがありません
Discriminator__is_based_on_type_but_slice__in__has_multiple_types_one  = 
Discriminator__is_based_on_type_but_slice__in__has_multiple_types_other  = discriminator ({1}) はタイプに基づいていますが、{3} のスライス {2} には {0} のタイプがあります: {4}
Found__items_for__resolving_discriminator__from_  = {3}からdiscriminator{2}を解決して{1}のために{0}のアイテムを見つけました
Unable_to_find__resolving_discriminator__from_  = {2}からdiscriminator{1}を解決して{0}を見つけることができません
Unable_to_find_resource__at__resolving_discriminator__from_  = {3}からdiscriminator{2}を解決してリソース{0}を{1}で見つけることができません
No_reference_resolving_discriminator__from_  = {1}にディスクリミネータ {0}を解決する参照がありません
Unable_to_resolve_element__in_profile_  = プロファイル{1}の中で要素{0}を解決できません
Unable_to_resolve_profile_  = プロファイル{0}を解決できません
Resource_resolution_services_not_provided  = リソース解決サービスが提供されていません
Unrecognised_extension_context_  = 認識できないextensionコンテキスト{0}
Unable_to_locate_the_profile__in_order_to_validate_against_it  = 検証するためのプロファイル ''{0}'' を特定できません
Reference__refers_to_a__not_a_ValueSet  = 参照 {0} はValueSetではなく、{1} を参照しています
Not_done_yet_ValidatorHostServicesconformsToProfile_when_item_is_not_an_element  = アイテムが要素でない場合まだ終わっていません (ValidatorHostServices.conformsToProfile)
Not_supported_yet  = まだサポートしていません
Unable_to_resolve_  = 参照 {0} を解決できません
Not_done_yet__resolve__locally_2  = まだ終わっていません - {0} をローカルで解決します (2)
Not_done_yet_ValidatorHostServicesexecuteFunction  = まだ終わっていません (ValidatorHostServices.executeFunction)
Not_done_yet_ValidatorHostServicescheckFunction  = まだ終わっていません (ValidatorHostServices.checkFunction)
Not_done_yet_ValidatorHostServicesresolveFunction_  = まだ終わっていません (ValidatorHostServices.resolveFunction): {0}
Unable_to_find_base_definition_for_logical_model__from_  = 論理モデルの基本定義を見つけることができません: {0}から{1}
Same_id_on_multiple_elements__in_  = {3} の中で同じid ''{0}'' を持つ複数の要素 {1}/{2} があります
No_path_on_element_Definition__in_  = {1}のelement Definition {0}にパスがありません
needs_a_snapshot  = snapshotが必要です
not_the_right_kind_of_structure_to_generate_schematrons_for  = schematronsを生成するための適切な種類の構造ではありません
Not_handled_yet_sortElements_  = まだ対応していません (sortElements: {0}:{1})
Unable_to_resolve_profile__in_element_  = 要素{1}内のプロファイル{0}を解決できません
Cant_have_children_on_an_element_with_a_polymorphic_type__you_must_slice_and_constrain_the_types_first_sortElements_  = ポリモーフィックタイプを持つ要素には子供を持つことはできません - まずタイプをスライスして制約を付ける必要があります（sortElements: {0}:{1}）
Unable_to_find_profile__at_  = プロファイル ''{0}''が{1}で見つかりません
Unhandled_situation_resource_is_profiled_to_more_than_one_option__cannot_sort_profile  = 処理できない状況：リソースが複数のオプションにプロファイル化されている - プロファイルを並べ替えることができません
Internal_recursion_detection_find_loop_path_recursion____check_paths_are_valid_for_path_  = 内部再帰検出: find() ループパス再帰 > {0} - パスが有効であることを確認してください (パス {1}/{2}について)
Internal_error___type_not_known_  = 内部エラー - タイプが未知 {0}
Unable_to_find_element_  = 要素 {0} が見つかりません
Error_generating_table_for_profile__  = プロファイル {0} のテーブル生成中にエラーが発生しました: {1}
StructureDefinition__at__illegal_constrained_type__from__in_  = StructureDefinition {0} at {1}: タイプ {2} は {4}のタイプ {3} として不正です
Error_at__The_target_profile__is_not__valid_constraint_on_the_base_  = {0}#{1} でのエラー: ターゲットプロファイル {2} は基本 ({3}) に対する有効な制約ではありません
Error_in_profile__at__Base_isSummary___derived_isSummary__  = プロファイル {0} の {1} でエラー: Base isSummary = {2}, derived isSummary = {3}
StructureDefinition__at__illegal_attempt_to_change_a_binding_from__to_  = StructureDefinition {0} at {1}: {2}から{3}にバインディングを変更しようとする不正な試み
Unexpected_condition_in_differential_typeslicetypelistsize__1_at_  = differentialにおける予期しない状況：{0}/{1}で不正な型
Unexpected_condition_in_differential_typeslicetypelistsize__10_and_implicit_slice_name_does_not_contain_a_valid_type__at_  = differentialにおける予期しない状況：暗黙的なスライス名が有効な型を含まない(''{0}''?) {1}/{2}で
Attempt_to_use_a_snapshot_on_profile__as__before_it_is_generated  = プロファイル ''{0}'' のsnapshotを生成する前に {1} として使用しようとしました
null_min  = minがnullです
_has_children__for_type__in_profile__but_cant_find_type  = プロファイル{3}では{0}はchildren({1})を持ちますが、タイプが見つかりません
_has_children__and_multiple_types__in_profile_  = プロファイル {3}で{0}は複数のタイプ({2})のchildren({1})を持ちます
Adding_wrong_path  = 誤ったパスを追加しています
Named_items_are_out_of_order_in_the_slice  = スライス内の名前付き項目が順序を持っていません
The_base_snapshot_marks_a_slicing_as_closed_but_the_differential_tries_to_extend_it_in__at__  = ベースsnapshotはスライスをclosedとしてマークしていますが、differentialは{0}の{1}でそれを拡張しようとしています（{2}）
Not_done_yet  = まだ終わっていません
Unknown_type__at_  = {1}で未知の型{0}
Differential_walks_into____but_the_base_does_not_and_there_is_not_a_single_fixed_type_The_type_is__This_is_not_handled_yet  = differentialは ''{0} (@ {1})'' を定義していますが、baseはそうではなく、単一の固定タイプもありません。タイプは {2} です。これはまだ取り扱われていません
Slicing_rules_on_differential__do_not_match_those_on_base___rule___  = differential ({0}) 上のスライシングルールは、ベース ({1}) 上のそれと一致しません - rule @ {2} ({3})
Slicing_rules_on_differential__do_not_match_those_on_base___disciminator___  = differential ({0}) 上のスライシングルールは、ベース ({1}) 上のそれと一致しません - discriminator @ {2} ({3})
Slicing_rules_on_differential__do_not_match_those_on_base___order___  = differential ({0}) 上のスライシングルールは、ベース ({1}) 上のそれと一致しません - order @ {2} ({3})
not_done_yet__slicing__types__  = まだ終わっていません - @ {0} でのスライシング / 型
Invalid_slicing__there_is_more_than_one_type_slice_at__but_one_of_them__has_min__1_so_the_other_slices_cannot_exist = 無効なスライス: {0}で一つ以上のタイプスライスが存在しますが、そのうちの一つ({1})はmin = 1なので、他のスライスは存在できません
Did_not_find_type_root_  = タイプのルートを見つけられませんでした: {0}
Error_at_path__Slice_for_type__has_wrong_type_  = パス {0} のエラー: タイプ ''{1}'' のスライスは間違ったタイプ ''{2}'' を持っています
Error_at_path__Slice_for_type__has_more_than_one_type_  = パス {0} のエラー: タイプ ''{1}'' のスライスには複数のタイプ ''{2}'' があります
Error_at_path__Slice_name_must_be__but_is_  = パス {0} のエラー: スライス名は ''{1}'' でなければならず、 ''{2}'' ではありません
Error_at_path__in__Type_slicing_with_slicingdiscriminatorpath__this  = パス {0} での {1} のエラー: Type slicing with slicing.discriminator.path != ''$this''
Error_at_path__in__Type_slicing_with_slicingdiscriminatortype__type  = パス {0} での {1} のエラー: Type slicing with slicing.discriminator.type != ''type''
Error_at_path__in__Type_slicing_with_slicingdiscriminatorcount__1  = パス {0} での {1} のエラー: Type slicing with slicing.discriminator.count() > 1
Error_at_path__in__Type_slicing_with_slicingordered__true  = パス {0} での {1} のエラー: Type slicing with slicing.ordered = true
Adding_wrong_path_in_profile___vs_  = プロファイル {0} で誤ったパスを追加しています: {1} vs {2}
_has_no_children__and_no_types_in_profile_  = {0} にはchildrenがなく（{1}）、プロファイル {2} にもタイプがありません
Did_not_find_single_slice_  = 単一のスライスを見つけられませんでした: {0}
Differential_does_not_have_a_slice__b_of_____in_profile_  = プロファイル {5} のdifferantialには {6} のスライスがありません ( {0} 上、位置 {1} の {2} / {3} / {4})
Attempt_to_a_slice_an_element_that_does_not_repeat__from__in_  = 繰り返しのない要素をスライスしようとしました: {0}/{1} から {2} を {3} で、要素 {4} で (スライス = {5})
Unable_to_resolve_reference_to_  = 参照{0}を解決できません
Unable_to_find_element__in_  = {1}内に要素{0}が見つかりません
Unable_to_find_base__for_  = {1}の基底{0}を見つけることができません
Adding_wrong_path__outcomegetPath___resultPathBase__  = 誤ったパスを追加しています - outcome.getPath() = {0}、resultPathBase = {1}
Illegal_path__in_differential_in__illegal_characters_  = {1}内のdifferentialにおける無効なパス ''{0}'': 無効な文字列 []
Illegal_path__in_differential_in__illegal_character_  = {1}内のdifferantialにおける無効なパス ''{0}'': 無効な文字 ''{2}''
Illegal_path__in_differential_in__no_unicode_whitespace  = {1}内のdifferantialにおける無効なパス ''{0}'': unicodeの空白がありません
Illegal_path__in_differential_in__name_portion_exceeds_64_chars_in_length  = {1}内のdifferantialにおける無効なパス ''{0}'': 名前部分が64文字を超えています
Illegal_path__in_differential_in__name_portion_mising_  = {1}内のdifferantialにおける無効なパス ''{0}'': 名前部分がありません (''..'')
Illegal_path__in_differential_in__must_start_with_  = {1}内のdifferantialにおける無効なパス ''{0}'': {2}.{3}で始まる必要があります
No_path_value_on_element_in_differential_in_  = {0}でのdifferentialの要素にパスの値がありません
No_path_on_element_in_differential_in_  = {0}でのdifferentialの要素にパスがありません
Unxpected_internal_condition__no_source_on_diff_element  = 予期しない内部状態 - differantial要素にソースがありません
type_on_first_snapshot_element_for__in__from_  = {1}から{0}の最初のsnapshot要素のタイプ
type_on_first_differential_element  = 最初のdifferantial要素のタイプ！
Circular_snapshot_references_detected_cannot_generate_snapshot_stack__  = 循環するsnapshot参照が検出されました。snapshotを生成することができません（スタック = {0}）
Base__Derived_profiles_have_different_types____vs___  = ベースと派生のプロファイルが異なるタイプを持っています ({0} = {1} vs {2} = {3})
Derived_profile__has_no_derivation_value_and_so_cant_be_processed  = 派生プロファイル {0} は導出値を持たず、したがって処理することができません
Derived_profile__has_no_type  = 派生プロファイル {0} はタイプを持っていません
Base_profile__has_no_type  = ベースのプロファイル {0} にはタイプがありません
no_derived_structure_provided  = 派生した構造が提供されていません
no_base_profile_provided  = ベースプロファイルが提供されていません
element_id__null__on_  = 要素id = null: {0} on {1}
element__null_  = 要素 = null: {0}
getSliceList_should_only_be_called_when_the_element_has_slicing  = 要素がスライスを持つときだけ、getSliceListを呼び出すべきです
Unable_to_resolve_name_reference__at_path_  = パス{1}で名前参照{0}を解決できません
Details_for__matching_against_Profile_  = {0} の詳細はプロファイル {1} に一致します
Does_not_match_slice_  = スライス ''{0}''と一致しません (discriminator: {1}) 
Profile__does_not_match_for__because_of_the_following_profile_issues__  = プロファイル {0} は以下の問題のため {1} と一致しません: {2}
This_element_does_not_match_any_known_slice_  = この要素はどの既知のスライスとも一致しません {0}
defined_in_the_profile  = プロファイルで定義されています
This_does_not_appear_to_be_a_FHIR_resource_unknown_name_  = これはFHIRリソースではないようです（未知の名前''{0}''）
This_cannot_be_parsed_as_a_FHIR_object_no_name  = これはFHIRオブジェクトとして解析できません（名前がありません）
This_does_not_appear_to_be_a_FHIR_resource_unknown_namespacename_  = これはFHIRリソースではないようです（未知の名前空間/名前''{0}::{1}''）
This__cannot_be_parsed_as_a_FHIR_object_no_namespace  = これはFHIRオブジェクトとして解析できません（名前空間がありません）
Unable_to_find_resourceType_property  = resourceTypeプロパティが見つかりません
Error_parsing_JSON_the_primitive_value_must_be_a_string  = JSONの解析エラー: プリミティブ値は文字列でなければなりません
Error_parsing_JSON_the_primitive_value_must_be_a_number  = JSONの解析エラー: プリミティブ値は数値でなければなりません
Error_parsing_JSON_the_primitive_value_must_be_a_boolean  = JSONの解析エラー: プリミティブ値は真偽値でなければなりません
Error_parsing_XHTML_  = XHTMLの解析エラー: {0}
This_property_must_be_an_object_not_  = このプロパティはオブジェクトでなければならず、{0}ではありません（{1}は{2}で）
This_property_must_be_an_simple_value_not_  = このプロパティは単純な値でなければならず、{0}ではありません（{1}は{2}で）
This_property_must_be__not_  = プロパティ{2}は{0}でなければならず、{1}ではありません（{3}で）
This_property_must_be_an_Array_not_  = プロパティ{1}はJSON配列でなければならず、{0}ではありません（{2}で）
OBJECT_CANNOT_BE_KEYED_ARRAY_CHILD_COUNT  = このオブジェクトは、定義内の子供が2つでないため、Jsonでキー付き配列にすることはできません（子供 = {0}）
OBJECT_CANNOT_BE_KEYED_ARRAY_PROP_NAME  = このオブジェクトはJsonでキー付き配列として定義されていますが、定義は最初の子要素をキーとして名前付けしていません（子供 = {0}）
OBJECT_CANNOT_BE_KEYED_ARRAY_PROP_TYPE  = このオブジェクトはJsonでキー付き配列として定義されていますが、定義内で名前付けされたキープロパティはプリミティブ型ではありません（子供 = {0}、タイプ = {1}）
OBJECT_CANNOT_BE_KEYED_ARRAY_NO_CHOICE  = このオブジェクトはJsonでキー付き配列として定義されていますが、定義内で名前付けされた値プロパティは選択肢で、これはサポートされていません（値プロパティ = {0}）
OBJECT_CANNOT_BE_KEYED_ARRAY_NO_LIST  = このオブジェクトはJsonでキー付き配列として定義されていますが、定義内で名前付けされた値プロパティはリストで、これはサポートされていません（値プロパティ = {0}）
Unrecognised_property_  = 認識できないプロパティ''{0}''
Object_must_have_some_content  = オブジェクトには何らかのコンテンツが必要です
Error_parsing_JSON_  = JSONの解析エラー: {0}
Node_type__is_not_allowed  = ノードタイプ {0} は許可されていません
CDATA_is_not_allowed  = CDATAは許可されていません
Undefined_element_  = {1}で未定義の要素''{0}''
Undefined_attribute__on__for_type__properties__  = 型{2}の{1}に未定義の属性''@{0}''があります
Text_should_not_be_present  = テキストは存在してはいけません（''{0}''）
Wrong_namespace__expected_  = 間違ったネームスペース - ''{0}''が必要です
Element_must_have_some_content  = 要素には何らかの内容が必要です
No_processing_instructions_allowed_in_resources  = リソースには処理指示を許可していません
Unknown_resource_type_missing_rdfstype  = 未知のリソースタイプ（rdfs:typeが欠落している）
reference_to__cannot_be_resolved  = {0} への参照は解決できません
This_property_must_be_a_URI_or_bnode_not_  = このプロパティはURIまたはbnodeでなければならず、{0}ではありません
This_property_must_be_a_Literal_not_  = このプロパティはLiteralでなければなりません。{0}ではありません
Unrecognised_predicate_  = 認識できない述語''{0}''
Error_parsing_Turtle_  = Turtleの解析エラー: {0}
Unexpected_datatype_for_rdfstype  = rdfs:typeの予期しないデータ型
Attempt_to_replace_element_name_for_a_nonchoice_type = 選択可能な型ではない要素名を置き換えようとしました
Wrong_type_for_resource  = リソースの型が間違っています
Contained_resource_does_not_appear_to_be_a_FHIR_resource_unknown_name_  = 含まれているリソースはFHIRリソースではないようです（未知の名前 ''{0}''）
Unknown_Date_format_  = 未知の日付形式''{0}''
Unknown_Data_format_  = 未知のデータ形式''{0}''
No_type_found_on_  = ''{0}''に型が見つかりません
error_writing_number__to_JSON  = 数値 ''{0}'' をJSONに書き込むエラー
Unable_to_process_request_for_resource_for___  = リソースのリクエストを処理できません {0} / {1}
Resource_type_mismatch_for___  = リソースタイプの不一致 {0} / {1}
not_done_yet_cant_fetch_  = まだ終わっていません: {0} を取得できません
Attempt_to_use_Terminology_server_when_no_Terminology_server_is_available  = 利用可能なTerminologyサーバがないときにTerminologyサーバを使用しようとしました
No_ExpansionProfile_provided  = ExpansionProfileが提供されていません
Can_only_specify_profile_in_the_context  = コンテキスト内でのみプロファイルを指定できます
no_url_in_expand_value_set_2  = expand value set 2にurlがありません
no_url_in_expand_value_set  = expand value setにurlがありません
no_value_set  = ValueSetにはurlプロパティがありません
No_Parameters_provided_to_expandVS  = expandVSにParametersが提供されていません
No_Expansion_Parameters_provided  = Expansion Parametersが提供されていません
Unable_to_resolve_value_Set_  = ValueSet{0}を解決できません
Delimited_versions_have_exact_match_for_delimiter____vs_  = デリミタ ''{0}'' の完全一致版は存在します : {1} 対 {2}
Duplicate_Resource_  = 重複したリソース {0} のタイプ {3} (既存のバージョン {2}, 新しいバージョン {1})
DUPLICATE_RESOURCE_VERSION  = 重複したリソース {0} バージョン {1} のタイプ {2}
Error_expanding_ValueSet_running_without_terminology_services  = ValueSetの拡張時にエラー: 用語サービス無しで実行中
Error_validating_code_running_without_terminology_services  = コードの検証エラー: 用語サービス無しで実行中
Unable_to_validate_code_without_using_server  = サーバーを使用せずにコードを検証できません。理由: {0}
UNABLE_TO_VALIDATE_LOCALLY  = ローカルでコードを検証できません: {0}
Profile___Error_generating_snapshot  = プロファイル {0} ({1}). snapshot生成エラー
Profile___element__Error_generating_snapshot_  = プロファイル {0} ({1})、要素 {2}. snapshot生成エラー: {3}
Profile___base__could_not_be_resolved  = プロファイル {0} ({1}) のベース {2} を解決できませんでした
Profile___has_no_base_and_no_snapshot  = プロファイル {0} ({1}) はベースもsnapshotもありません
No_validator_configured  = バリデータが設定されていません
Parser_Type__not_supported  = Parser Type {0} はサポートされていません
Version_mismatch_The_context_has_version__loaded_and_the_new_content_being_loaded_is_version_  = バージョンが一致しません。コンテキストにはバージョン{0}がロードされており、新しくロードされるコンテンツはバージョン{1}です
Error_reading__from_package__  = パッケージ {1}#{2} から {0} の読み取りエラー: {3}
Error_parsing_  = {0} の解析エラー: {1}
Unable_to_connect_to_terminology_server_Use_parameter_tx_na_tun_run_without_using_terminology_services_to_validate_LOINC_SNOMED_ICDX_etc_Error__  = 用語サーバー ({1}) に接続できません。LOINC、SNOMED、ICD-Xなどを検証するための用語サービスを使用せずに実行するには、パラメータ ''-tx n/a'' を使用してください。エラー = {0}
Display_Name_for__should_be_one_of__instead_of_one  = {1}#{2} の誤ったdisplay ''{4}'' - {3} であるべきです (言語 ''{5}'' のため)
Display_Name_for__should_be_one_of__instead_of_other  = {1}#{2} の誤ったdisplay ''{4}'' - {0} の選択肢のうちの一つであるべきです: {3} (言語 ''{5}'' のため)
Unknown_Code_in  = system''{1}''で未知のコード''{0}''
Unknown_Code_in_Version  = system''{1}''で未知のコード''{0}''
UNKNOWN_CODE_IN_FRAGMENT  = system''{1}''で未知のコード''{0}'' - CodeSystemは断片としてラベル付けされているため、そのコードは他の断片では有効である可能性があります
Code_found_in_expansion_however_  = 拡張中にコードが見つかりました。しかしながら: {0}
None_of_the_provided_codes_are_in_the_value_set_one  = 提供されたcode {2} は、ValueSet ''{1}''にありません
None_of_the_provided_codes_are_in_the_value_set_other  = 提供されたcode [{2}] のうちどれも、ValueSet ''{1}''に含まれていません
Coding_has_no_system__cannot_validate  = Codingにはsystemがない - 検証できません
Unable_to_handle_system__concept_filter_with_op__  = system {0}のコンセプトフィルターをop = {1}で処理することができません
UNABLE_TO_HANDLE_SYSTEM__PROPERTY_FILTER_WITH_OP__  = system {0}のプロパティフィルターをop = {1}で処理することができません
Unable_to_handle_system__filter_with_property__  = system {0}のフィルターをproperty = {1}、op = {2}で処理することができません
Unable_to_resolve_system__value_set_has_include_with_no_system  = systemを解決できません - ValueSet {0}のインクルード#{1}にsystemがありません
UNABLE_TO_RESOLVE_SYSTEM_SYSTEM_IS_INDETERMINATE  = ValueSet{0}から参照されたCodeSystem {1}には文法があり、そのコードはそれで有効である可能性があります
Unable_to_resolve_system__value_set_has_include_with_unknown_system  = systemを解決できません - ValueSet {0}のインクルード#{1}には未知のsystem{2}があり、サーバーはエラー{3}を返しました
Unable_to_resolve_system__value_set_has_include_with_filter  = systemを解決できません - ValueSet {0}のインクルード#{1}にsystem {2}のフィルターがあります
Unable_to_resolve_system__value_set_has_imports  = systemを解決できません - ValueSetにインポートがあります
Unable_to_resolve_system__value_set_has_multiple_matches  = systemを解決できません - ValueSetのexpansionに複数の一致があります: {0}
Unable_to_resolve_system__value_set_expansion_has_multiple_systems  = systemを解決できません - ValueSetのexpansionに複数のsystemがあります
Unable_to_resolve_system__value_set_has_no_includes_or_expansion  = systemを解決できません - ValueSet{0}にはインクルードまたは展開がありません
Unable_to_resolve_system__no_value_set  = systemを解決できません - ValueSetがありません
This_base_property_must_be_an_Array_not_  = このベースプロパティは配列でなければなりません。{0}ではありません
documentmsg  = (ドキュメント)
xml_attr_value_invalid  = XML属性{0}に無効な文字があります
xml_encoding_invalid  = XMLエンコーディングが無効です（UTF-8でなければなりません）
xml_stated_encoding_invalid  = ヘッダーで指定されたXMLエンコーディングが無効です（指定されている場合は''UTF-8''でなければなりません）
XHTML_URL_INVALID  = URLは''({1})''のため有効ではありません：{0}
EASURE_MR_GRP_NO_CODE  = グループは、Measureのグループ定義と一致するコードを持つべきです
EASURE_MR_GRP_UNK_CODE  = このグループのコードは、measure定義と一致しないものがあります
EASURE_MR_GRP_DUPL_CODE  = このグループのコードは他のグループと重複しています
EASURE_MR_GRP_MISSING_BY_CODE  = MeasureReportには、グループ ''{0}''のためのグループが含まれていません
EASURE_MR_GRP_NO_USABLE_CODE  = 提供されたコードの中には比較に使用可能なものがありません - 少なくとも1つのコードでsystemとcodeの両方が必要です
EASURE_MR_GRP_NO_WRONG_CODE  = 提供されたコード ({0}) は、Measureレポートで指定されたコード ({1}) と一致しません
DUPLICATE_ID  = 重複したid値 ''{0}''
TERMINOLOGY_TX_SYSTEM_NO_CODE  = systemが提供されていないコードは定義された意味がありません。systemを提供する必要があります
EASURE_MR_GRP_POP_NO_CODE  = グループは、Measureのグループpopulation定義と一致するコードを持つべきです
EASURE_MR_GRP_POP_UNK_CODE  = このグループpopulationのコードは、measure定義と一致しないものがあります
EASURE_MR_GRPST_POP_UNK_CODE  = このグループstratifierのコードは、measure定義と一致しないものがあります
EASURE_MR_GRP_POP_DUPL_CODE  = このグループpopulationのコードは他のグループと重複しています
EASURE_MR_GRP_POP_MISSING_BY_CODE  = MeasureReportには、populationグループ {0}のためのpopulationグループが含まれていません
EASURE_MR_GRP_POP_COUNT_MISMATCH  = count {0}とsubject数 {1}との不一致
EASURE_MR_GRP_POP_NO_SUBJECTS  = タイプが''subject-list''でないレポートには、subjectがリストされていません
EASURE_MR_GRP_POP_NO_COUNT  = タイプが''subject-list''でないレポートでは、countが存在するべきです
EASURE_M_NO_GROUPS  = Measureは少なくとも一つのグループを含むべきです
EASURE_M_GROUP_CODE  = グループは、グループが複数存在する場合にはコードを持つべきです
EASURE_M_GROUP_POP  = Measureグループは少なくとも一つのpopulationを持つべきです
EASURE_M_GROUP_STRATA  = Measureグループは少なくとも一つのstratifierを持つべきです
EASURE_M_GROUP_POP_NO_CODE  = measure groupのpopulationは、populationが複数存在する場合にはコードを持つべきです
EASURE_M_GROUP_STRATA_NO_CODE  = measure groupのstratifierは、populationが複数存在する場合にはコードを持つべきです
EASURE_M_GROUP_STRATA_COMP_NO_CODE   = measure groupのstratifierコンポーネントは、populationが複数存在する場合にはコードを持つべきです
EASURE_M_LIB_UNKNOWN  = ライブラリ {0} を解決できませんでしたの。式の検証が正しくない可能性があります
TYPE_SPECIFIC_CHECKS_CANONICAL_ABSOLUTE  = フラグメント参照でない場合、Canonical URLは絶対URLでなければなりません（{0}）
TYPE_SPECIFIC_CHECKS_CANONICAL_CONTAINED  = 含まれるリソースのCanonical URLは、存在する場合は絶対URLでなければなりません（{0}）
EASURE_MR_SCORE_PROHIBITED_RT  = レポートのタイプが ''data-collection''のときにmeasureScoreがありません
EASURE_MR_SCORE_PROHIBITED_MS  = メッセージのスコアリングが ''cohort''のときにmeasureScoreがありません
EASURE_MR_SCORE_REQUIRED  = Measure.scoring={0}のときにはmeasureScoreが必要です
EASURE_MR_M_SCORING_UNK  = このMeasureのスコアリングシステムは未知であるため、measureScore値をチェックすることはできません
EASURE_MR_SCORE_UNIT_PROHIBITED  = このMeasure Scoring ({0})のmeasureScoreには単位を持つべきではありません
EASURE_MR_SCORE_VALUE_REQUIRED  = Measure.scoring = {0} のときには値が必要です
EASURE_MR_SCORE_VALUE_INVALID_01  = 値が無効です。0から1の間である必要があります
EASURE_MR_SCORE_FIXED  = この値はMeasureによって ''{0}''に固定されています
EASURE_MR_SCORE_UNIT_REQUIRED  = スコアリングタイプが {0} のときには単位が存在するべきです
EASURE_M_CRITERIA_UNKNOWN  = 式言語 {0} はサポートされていないため、検証することはできません
EASURE_M_CQL_NOT_FOUND  = インクルードされているCQLライブラリの中に関数 {0} を定義しているものがありません
EASURE_M_CRITERIA_CQL_NO_LIB  = このMeasureにはCQLライブラリが見つかりません
EASURE_M_CRITERIA_CQL_ONLY_ONE_LIB  = CQL式にネームスペースが含まれていない場合、Measureのライブラリは1つだけでなければなりません
EASURE_M_CRITERIA_CQL_LIB_NOT_FOUND  = ネームスペース {0} に一致するライブラリが見つかりません
EASURE_M_CRITERIA_CQL_LIB_DUPL  = ネームスペース {0} の複数の一致するライブラリが見つかりました
EASURE_M_CRITERIA_CQL_ERROR  = {0}のエラー: ''{1}''
EASURE_M_CRITERIA_CQL_NO_ELM  = {0}のエラー: コンパイルされたCQLが見つかりません
EASURE_M_CRITERIA_CQL_ELM_NOT_VALID  = = {0}のエラー: コンパイルされたCQLは有効ではありません
EASURE_M_CRITERIA_CQL_NOT_FOUND  = 関数 {1} がライブラリ {0} に存在しません
XHTML_URL_EMPTY  = URLが空です
XHTML_URL_INVALID_CHARS_one  = URLに無効な文字({1})が含まれています
XHTML_URL_INVALID_CHARS_other  = URLに{0}個の無効な文字({1})が含まれています
TERMINOLOGY_TX_SYSTEM_HTTPS  = システムURL ''{0}''が誤ってhttps：で始まっています。http：で始まる必要があります
CODESYSTEM_CS_NO_VS_NOTCOMPLETE  = valueSetを確認してください - 一般的には、不完全なCodeSystemはvalueSetを指定してはいけません
TYPE_SPECIFIC_CHECKS_DT_IDENTIFIER_IETF_SYSTEM_VALUE  = identifier.system が ''urn:ietf:rfc:3986'' の場合、identifier.value は完全なURIでなければなりません（例えばスキームから始まる）、''{0}'' ではありません
TYPE_SPECIFIC_CHECKS_DT_ATT_SIZE_INVALID  = 指定された添付ファイルサイズ{0}は無効です
TYPE_SPECIFIC_CHECKS_DT_ATT_SIZE_CORRECT  = 指定された添付ファイルサイズ{0}は、実際の添付ファイルサイズ{1}と一致しません
TYPE_SPECIFIC_CHECKS_DT_ATT_NO_FETCHER  = バリデーターがネットワークにアクセスするように設定されていないため、添付ファイルのサイズを確認できません（url = {0}）
TYPE_SPECIFIC_CHECKS_DT_ATT_UNKNOWN_URL_SCHEME  = バリデーターが{0}にアクセスする方法を理解していないため、添付ファイルのサイズを確認できません
TYPE_SPECIFIC_CHECKS_DT_ATT_URL_ERROR  = {0}にアクセスする際にエラーが発生したため、添付ファイルのサイズを確認できません: {1}
TYPE_SPECIFIC_CHECKS_DT_ATT_TOO_LONG  = 添付ファイルのサイズは{0}バイトで、指定された制限の{1}バイトを超えています
TYPE_SPECIFIC_CHECKS_DT_ATT_NO_CONTENT  = 添付ファイルにはデータおよび/またはURLがあり、またはcontentTypeおよび/またはlanguageのいずれかがあるべきです
TYPE_SPECIFIC_CHECKS_DT_BASE64_TOO_LONG  = Base64サイズは{0}バイトで、指定された制限の{1}バイトを超えています
TYPE_SPECIFIC_CHECKS_DT_DECIMAL_CHARS  = {0} の小数点以下の桁数が見つかりました。これは、{1} 桁の上限を超えています
Validation_VAL_Profile_WrongType  = 指定されたプロファイルのタイプは''{0}''で、プロファイル''{2}''の中にありましたが、''{1}''のタイプが見つかりました
Validation_VAL_Profile_WrongType2  = プロファイル{0}のパス{1}での型の不一致：要素の型は{4}ですが、プロファイル{3}は異なる型{2}のためです
VALIDATION_VAL_ILLEGAL_TYPE_CONSTRAINT  = プロファイル{0}のパス{1}での無効な制約 - ベースタイプ{3}から型{2}に制約することはできません
EXTENSION_EXTP_CONTEXT_WRONG_XVER  = FHIRバージョン {3} の拡張 {0} はこの時点では使用できません (許可されているもの = {1}; この要素は [{2}; これはコンテキストがFHIRバージョン間で名称変更される可能性があるための警告です)
EXTENSION_EXTM_CONTEXT_WRONG_XVER  = FHIRバージョン {3} のmodifier extension {0} はこの時点では使用できません (許可されているもの = {1}; この要素は [{2}; これはコンテキストがFHIRバージョン間で名称変更される可能性があるための警告です)
SECURITY_STRING_CONTENT_ERROR  = 文字列値には、このコンテキストでセキュリティ上許可されていないHTMLタグが含まれているように見えるテキストが含まれています
SECURITY_STRING_CONTENT_WARNING  = 文字列値には、HTMLタグが埋め込まれているように見えるテキストが含まれています。この内容が適切なポストプロセッシングなしにHTMLにレンダリングされると、セキュリティリスクになる可能性があります
ALL_OK  = すべてOK
SEARCHPARAMETER_NOTFOUND  = ベースのSearch Parameter {0} を見つけることができないため、このSearchParameterがそれから適切に派生していることを確認することができません
SEARCHPARAMETER_BASE_WRONG  = リソースタイプ {1} は、これが派生しているSearchParameter ({0}) のベースとしてリストされていません
SEARCHPARAMETER_TYPE_WRONG  = タイプ {1} は、派生元のSearchParameter内のタイプ {0} と異なります
SEARCHPARAMETER_EXP_WRONG  = 式 ''{2}'' は、派生元のSearchParameter {0} の式 ''{1}'' と互換性がなく、これは派生関係が有効でないことを示している可能性があります
VALUESET_NO_SYSTEM_WARNING  = systemが指定されていないため、conceptとfilterは確認できません
VALUESET_INCLUDE_INVALID_CONCEPT_CODE  = code''{1}''はsystem{0}では有効ではありません
VALUESET_INCLUDE_INVALID_CONCEPT_CODE_VER  = code''{2}''はsystem {0}のversion {1}では有効ではありません
VALUESET_EXAMPLE_SYSTEM_HINT  = 例システム''{0}''が指定されたので、conceptとfilterは確認できません
VALUESET_EXAMPLE_SYSTEM_ERROR  = 例システム''{0}''が指定されました、これは違法です。conceptとfilterは確認できません
VALUESET_UNC_SYSTEM_WARNING  = 未知のsystem''{0}''が指定されているため、conceptとfilterは確認できません（詳細: {1}）
VALUESET_UNC_SYSTEM_WARNING_VER  = 未知のsystem/version''{0}''が指定されているため、onceptとfilterは確認できません（詳細: {1}）
Extension_PROF_Type  = プロファイル ''{0}'' の定義では、タイプ {1} を許可していますが、タイプ {2} が見つかりました
TYPE_CHECKS_PATTERN_CC  = プロファイル{3}で定義されたパターン[system {0}、code {1}、およびdisplay ''{2}'']が見つかりません。問題: {4}
TYPE_CHECKS_PATTERN_CC_US  = プロファイル{3}で定義されたパターン[system {0}、code {1}、display ''{2}''およびuserSelected {5}]が見つかりません。問題: {4}
TYPE_CHECKS_FIXED_CC  = プロファイル{3}で定義されたパターン[system {0}、code {1}、およびdisplay ''{2}'']が見つかりません。問題: {4}
TYPE_CHECKS_FIXED_CC_US  = プロファイル{3}で定義されたパターン[system {0}、code {1}、display ''{2}''およびuserSelected {5}]が見つかりません。問題: {4}
VALIDATION_VAL_GLOBAL_PROFILE_UNKNOWN  = IG {1}からのグローバルプロファイル参照''{0}''は解決できなかったため、確認されていません
VALIDATION_VAL_PROFILE_SIGNPOST_BASE  = リソースをプロファイルに対して検証します
VALIDATION_VAL_PROFILE_SIGNPOST  = リソースをプロファイル{0}に対して検証します
VALIDATION_VAL_PROFILE_SIGNPOST_META  = リソースをプロファイル{0}に対して検証します（メタによる）
VALIDATION_VAL_PROFILE_SIGNPOST_DEP  = リソースをプロファイル{0}に対して検証します（{1}の中のhttp://hl7.org/fhir/StructureDefinition/structuredefinition-dependenciesによる）
VALIDATION_VAL_PROFILE_SIGNPOST_BUNDLE_PARAM  = リソースをプロファイル{0}に対して検証します - バンドルパラメータとして提供されます
VALIDATION_VAL_PROFILE_SIGNPOST_GLOBAL  = リソースを{1}のグローバルプロファイルであるプロファイル{0}に対して検証します
ERROR_GENERATING_SNAPSHOT  = snapshotの生成エラー: {0} (これは通常、differantialに問題がある場合に発生します)
SNAPSHOT_EXISTING_PROBLEM  = 生成されたsnapshotには、元の提供されたsnapshot{0}と要素数が異なります{1}
FHIRPATH_LOCATION  = (at {0})
FHIRPATH_UNKNOWN_CONTEXT  = FHIRPath式を評価する上で未知のコンテキスト: {0}
FHIRPATH_UNKNOWN_CONTEXT_ELEMENT  = FHIRPath式を評価する上で未知のコンテキスト要素: {0}
FHIRPATH_ALIAS_COLLECTION  = FHIRPath式を評価する際に、コレクションではなくシングルトンに対するエイリアスの試みがありました
FHIRPATH_UNKNOWN_NAME  = FHIRPath式の評価エラー: 名前 ''{0}'' は可能なタイプのいずれにも有効ではありません: {1}
FHIRPATH_UNKNOWN_CONSTANT  = FHIRPath式の評価エラー: 無効なFHIR定数 {0}
FHIRPATH_CANNOT_USE  = FHIRPath式の評価エラー: このコンテキストでは {0} を使用できません。なぜなら、 {1}
FHIRPATH_CANT_COMPARE  = FHIRPath式の評価エラー: タイプ {0} と {1} の値を比較することができません
FHIRPATH_LEFT_VALUE_one  = 
FHIRPATH_LEFT_VALUE_other  = FHIRPath式の評価エラー: {1}への左オペランドは1つの値しか持つことができませんが、{0}の値があります
FHIRPATH_LEFT_VALUE_WRONG_TYPE  = FHIRPath式の評価エラー: {0}への左オペランドは間違ったタイプ {1} を持っています
FHIRPATH_RIGHT_VALUE_one  = 
FHIRPATH_RIGHT_VALUE_other  = FHIRPath式の評価エラー: {1}への右オペランドは1つの値しか持つことができませんが、{0}の値があります
FHIRPATH_RIGHT_VALUE_WRONG_TYPE  = FHIRPath式の評価エラー: {0}への右オペランドは間違ったタイプ {1} を持っています
FHIRPATH_OP_INCOMPATIBLE  = FHIRPath式 {0} の評価エラー: 左と右のオペランドは互換性のないまたは無効なタイプを持っています ({1}, {2})
FHIRPATH_HO_HOST_SERVICES  = FHIRPath式を評価する際の内部エラー: ホストサービスが提供されていません ({0})
FHIRPATH_WRONG_PARAM_TYPE  = FHIRPath式の評価エラー: パラメータタイプ {2} は {0} パラメータ {1} に対して合法ではありません。{3}を期待します
FHIRPATH_ORDERED_ONLY  = FHIRPath式の評価エラー: 関数 {0} は順序付けされたコレクションに対してのみ使用できます
FHIRPATH_PRIMITIVE_ONLY  = FHIRPath式の評価エラー: 関数 {0} はプリミティブに対してのみ使用できます
FHIRPATH_REFERENCE_ONLY  = FHIRPath式の評価エラー: 関数 {0} は順序付けされた文字列、URI、canonical、Referenceに対してのみ使用できますが、{1} を見つけました
FHIRPATH_CODED_ONLY  = FHIRPath式の評価エラー: 関数 {0} は、順序付き文字列、コード、URI、Coding、CodeableConceptにのみ使用できますが、{1} が見つかりました
FHIRPATH_STRING_ORD_ONLY  = FHIRPath式の評価エラー: 関数 {0} は順序付けされた文字列、URI、code、idのコレクションに対してのみ使用できますが、{1} を見つけました
FHIRPATH_STRING_SING_ONLY  = FHIRPath式の評価エラー: 関数 {0} は文字列、URI、code、idに対してのみ使用できますが、{1} を見つけました
FHIRPATH_NO_COLLECTION  = FHIRPath式の評価エラー: 関数 {0} はシングルトン値に対してのみ使用することができますが、{1} を見つけました
FHIRPATH_NOT_IMPLEMENTED  = FHIRPath式の評価エラー: 関数 {0} は実装されていません
FHIRPATH_PARAM_WRONG  = FHIRPath式の評価エラー: 式タイプ {0} は関数 {2} のパラメータ {1} に対してサポートされていません
FHIRPATH_CHECK_FAILED  = FHIRPath式の評価エラー: チェック {0} が失敗しました
FHIRPATH_NO_TYPE  = FHIRPath式の評価エラー: {1}でタイプが指定されていません
FHIRPATH_UNKNOWN_TYPE  = FHIRPath式の評価エラー: タイプ ''{0}'' は {1}で未知またはサポートされていません
FHIRPATH_DISCRIMINATOR_NAME_ALREADY_SLICED  = discriminatorのエラー {0}: 一つのスライスの固定値を解決する中でスライスされた要素が見つかりました
FHIRPATH_DISCRIMINATOR_THIS_CANNOT_FIND  = resolve()の使用に問題 - {1}上のプロファイル{0}を解決できません
FHIRPATH_DISCRIMINATOR_RESOLVE_NO_TYPE  = discriminatorでのresolve()の使用が無効 - 要素 {0} にタイプがありません
FHIRPATH_DISCRIMINATOR_RESOLVE_MULTIPLE_TYPES_one  = 
FHIRPATH_DISCRIMINATOR_RESOLVE_MULTIPLE_TYPES_other  = discriminatorでのresolve()の使用が無効 - {0} 可能なタイプが {1} に複数存在します (一つだけでなければならない)
FHIRPATH_DISCRIMINATOR_RESOLVE_NOT_REFERENCE  = discriminatorでのresolve()の使用が無効 - {0}のタイプはReference {1}ではありません
FHIRPATH_RESOLVE_DISCRIMINATOR_NO_TARGET_one  = 
FHIRPATH_RESOLVE_DISCRIMINATOR_NO_TARGET_other  = discriminatorでのresolve()の使用が無効 - {1}に{0}の可能なターゲットタイププロファイルが複数存在します (一つだけでなければならない)
FHIRPATH_RESOLVE_DISCRIMINATOR_CANT_FIND  = resolve()の使用に問題 - {1}上のプロファイル{0}を解決できません
FHIRPATH_DISCRIMINATOR_TYPE_NONE  = discriminatorでのofType()の使用が無効 - 要素 {0} にタイプがありません
FHIRPATH_DISCRIMINATOR_TYPE_MULTIPLE  = discriminatorでのofType()の使用が無効 - {0} に複数の可能なタイプが存在します
FHIRPATH_DISCRIMINATOR_NO_CODE  = discriminatorでのofType()の使用が無効 - タイプにコードがありません {0}
FHIRPATH_DISCRIMINATOR_BAD_NAME  = discriminatorで無効な関数名 {0}()
FHIRPATH_DISCRIMINATOR_BAD_SYNTAX_GROUP  = discriminatorで無効な式構文 (グループ ''{0}'')
FHIRPATH_DISCRIMINATOR_BAD_SYNTAX_CONST  = discriminatorで無効な式構文 (const)
FHIRPATH_DISCRIMINATOR_CANT_FIND  = 定義内でdiscriminatorを解決できません: プロファイル {1} の要素 {2} に対する{0}、プロファイル {3} を確認中に
FHIRPATH_DISCRIMINATOR_CANT_FIND_EXTENSION  = 定義内でdiscriminator {0} を {2} 上で見つけたが、extension {1} がプロファイル {3} に見つからなかったため解決できません
FHIRPATH_DISCRIMINATOR_NOTYPE  = 識別子のエラー {0}: 子がなく、タイプがありません
FHIRPATH_DISCRIMINATOR_MULTIPLE_TYPES_one  = 
FHIRPATH_DISCRIMINATOR_MULTIPLE_TYPES_other  = 識別子のエラー {1}: 子がなく、{0} タイプ
FHIRPATH_DISCRIMINATOR_MULTIPLE_PROFILES_one  = 
FHIRPATH_DISCRIMINATOR_MULTIPLE_PROFILES_other  = 識別子のエラー {1}: 子がなく、{0} タイプのプロファイル
FHIRPATH_UNABLE_BOOLEAN  = booleanとして評価できません: {0}
XHTML_XHTML_DOCTYPE_ILLEGAL  = 形式が正しくないXHTML: DocType宣言が見つかりましたが、これは許可されていません（XXEセキュリティ脆弱性保護）
PACKAGE_VERSION_MISMATCH  = パッケージ {0} でのFHIRバージョンの不一致: バージョンは {2} ですが {1} でなければなりません (パス: {3})
VALUESET_REFERENCE_UNKNOWN  = ValueSetのインポート{0}が見つからないため、確認できません
VALUESET_REFERENCE_INVALID_TYPE  = ValueSetのインポート{0}は、無効な型{1}のリソースを指しています
SD_MUST_HAVE_DERIVATION  = StructureDefinition {0} は、baseDefinitionを持っているので、derivationを持つ必要があります
VALIDATION_VAL_PROFILE_OTHER_VERSION  = プロファイルはFHIRの別バージョン({0})のため、無視されました
VALIDATION_VAL_PROFILE_THIS_VERSION_OK  = このバージョンのFHIRのプロファイル - すべてOK
VALIDATION_VAL_PROFILE_THIS_VERSION_OTHER  = プロファイルはこのバージョンのFHIRのためのものですが、無効な型{0}です
BUNDLE_BUNDLE_ENTRY_MULTIPLE_PROFILES_one  = 
BUNDLE_BUNDLE_ENTRY_MULTIPLE_PROFILES_other  = {0}個のプロファイルが{1}リソースに対して見つかりました。現時点では一つ以上はサポートされていません。(タイプ{2}: {3})
RENDER_BUNDLE_HEADER_ROOT  = タイプ {1} のバンドル {0}
RENDER_BUNDLE_HEADER_ENTRY  = エントリ {0}
RENDER_BUNDLE_HEADER_ENTRY_URL  = エントリ {0} - fullUrl = {1}
RENDER_BUNDLE_RESOURCE  =  Resource {0}:
RENDER_BUNDLE_SEARCH  =  Search:
RENDER_BUNDLE_SEARCH_MODE  =  Mode = {0}
RENDER_BUNDLE_SEARCH_SCORE  =  Score = {0}
RENDER_BUNDLE_RESPONSE  =  Response:
RENDER_BUNDLE_LOCATION  = Location = {0}
RENDER_BUNDLE_ETAG  = ETag = {0}
RENDER_BUNDLE_LAST_MOD  = LastModified = {0}
RENDER_BUNDLE_REQUEST  =  Request:
RENDER_BUNDLE_IF_NON_MATCH  = If-None-Match = {0}
RENDER_BUNDLE_IF_MOD  = If-Modified-Since = {0}
RENDER_BUNDLE_IF_MATCH  = If-Match = {0}
RENDER_BUNDLE_IF_NONE  = If-None-Exist = {0}
BUNDLE_RULE_NONE  = No Rule
BUNDLE_RULE_UNKNOWN  = Bundle Ruleは無効なリソース {0} を参照しています
BUNDLE_RULE_INVALID_INDEX  = Bundle Rulesのインデックスが無効です ({0})
BUNDLE_RULE_PROFILE_UNKNOWN  = Bundle Rulesのプロファイル {1} は {0} に対して不明です
RENDER_BUNDLE_DOCUMENT_CONTENT  = 追加のドキュメント内容
RENDER_BUNDLE_HEADER_DOC_ENTRY_URD  = {0}. {1} ({2}/{3})
RENDER_BUNDLE_HEADER_DOC_ENTRY_U  = {0}. {1}
RENDER_BUNDLE_HEADER_DOC_ENTRY_RD  = {0}. {2}/{3}
UNABLE_TO_CHECK_IF_THE_PROVIDED_CODES_ARE_IN_THE_VALUE_SET_  = ValueSet {0} 内のコードをチェックできません
TERMINOLOGY_TX_SYSTEM_WRONG_HTML  = コードシステム参照{0}が間違っています - コードシステム参照はHTMLページにすることはできません。これが正しい参照である可能性があります：{1}
TERMINOLOGY_TX_SYSTEM_WRONG_BUILD  = コードシステム参照{0}が間違っています - コードシステム参照はbuild.fhir.orgへの参照にすることはできません。これが正しい参照である可能性があります：{1}
FHIRPATH_BAD_DATE  = 日付 {0} を解析できません
FHIRPATH_NUMERICAL_ONLY  = FHIRPath式の評価エラー: 関数 {0} はinteger, decimal, Quantityに対してのみ使用できますが、{1} を見つけました
FHIRPATH_DECIMAL_ONLY  = FHIRPath式の評価エラー: 関数 {0} は、decimalにのみ使用できますが、{1} が見つかりました
FHIRPATH_CONTINUOUS_ONLY = FHIRPath式の評価エラー: 関数 {0} は、decimalまたはdate型にのみ使用できますが、{1} が見つかりました
FHIRPATH_FOCUS_one  = 
FHIRPATH_FOCUS_other  = FHIRPath式の評価エラー: {0}のフォーカスは1つの値を持つことができますが、{0}の値があります
REFERENCE_REF_SUSPICIOUS  = 参照 ''{0}'' の文法が不正確に見えます、確認してください
TYPE_SPECIFIC_CHECKS_DT_QTY_NO_ANNOTATIONS  = 人間が読める注釈が含まれたUCUMコード{0}は誤解を招く可能性があります。ベストプラクティスはUCUMコードに注釈を使用しないこと、そしてQuantity.unitが適切に人間が読める形であることを確認することです
XHTML_XHTML_ELEMENT_ILLEGAL_IN_PARA  = 段落内のXHTMLの要素名が無効です(''{0}'')
UNSUPPORTED_IDENTIFIER_PATTERN_PROPERTY_NOT_SUPPORTED_FOR_DISCRIMINATOR_FOR_SLICE  = 型{2}でパターンのdiscriminator({0})のスライス{1}にサポートされていないプロパティ{3}があります
UNSUPPORTED_IDENTIFIER_PATTERN_NO_PROPERTY_NOT_SUPPORTED_FOR_DISCRIMINATOR_FOR_SLICE  = サポートされていない：型{2}でパターンのdiscriminator({0})のスライス{1}に値があるプロパティが見つかりません
SD_NESTED_MUST_SUPPORT_DIFF  = 要素 {0} は、must supportとマークされたtypes/profiles/targetsを持っていますが、要素自体はmust-supportとマークされていません。内部のmust-supportsは、要素がmust-support = trueを継承しない限り、無視されます
SD_NESTED_MUST_SUPPORT_SNAPSHOT  = 要素 {0} は、must supportとマークされたtypes/profiles/targetsを持っていますが、要素自体はmust-supportとマークされていません
Unable_to_connect_to_terminology_server  = 用語サーバー ({1}) に接続できません。エラー = {0}
SD_ED_TYPE_PROFILE_UNKNOWN  = プロファイル {0} を解決できません
SD_ED_TYPE_PROFILE_NOTYPE  = プロファイル {0} を見つけましたが、それが適用されるタイプを特定できません
SD_ED_TYPE_PROFILE_WRONG  = プロファイル {0} はタイプ {1} のためのものですが、 {3} 要素はタイプ {2} です
SD_ED_TYPE_PROFILE_IS_MODIFIER  = プロファイル {0} はmodifier extensionのためのものではありませんが、 {3} 要素はextensionです
SD_ED_TYPE_PROFILE_NOT_MODIFIER  = プロファイル {0} はmodifier extensionのためのものですが、 {3} 要素はmodifierではありません
SD_ED_TYPE_PROFILE_WRONG_TARGET  = プロファイル {0} はタイプ {1} のためのもので、これは {4} ではありません（これは必要です、なぜなら {3} 要素はタイプ {2} だからです）
SD_ED_TYPE_NO_TARGET_PROFILE  = タイプ {0} はターゲットプロファイルを許可していません
TERMINOLOGY_TX_NOSVC_BOUND_REQ  = 提供されたコードが必要なValueSet {0}からであることを確認できませんでした。用語サービスがないためです
TERMINOLOGY_TX_NOSVC_BOUND_EXT  = 提供されたコードが拡張可能なValueSet {0}からであることを確認できませんでした。用語サービスがないためです
ARRAY_CANNOT_BE_EMPTY  = 配列は空にできません - 値がない場合、プロパティは存在してはなりません
XHTML_URL_DATA_NO_DATA  = dataにdataが見つかりません: URL
XHTML_URL_DATA_DATA_INVALID_COMMA  = data URLのdata部分にカンマが見つかりました：{0}
XHTML_URL_DATA_DATA_INVALID  = dataのdataは有効なbase64コンテンツであるべきですURL：{0}
XHTML_URL_DATA_MIMETYPE  = data: URLのmimetype部分が無効です（{1}）URL: {0}
SD_ED_SHOULD_BIND  = 要素 {0} はバインディングが必要なタイプを持っています ({1}) が、バインディングは存在しません
SD_ED_SHOULD_BIND_WITH_VS  = 要素 {0} はバインディングが必要なタイプを持っています ({1}) が、バインディングにはvalue setがありません
SD_ED_BIND_UNKNOWN_VS  = 要素 {0} におけるvalueSet参照 {1} は解決できませんでした
SD_ED_BIND_NOT_VS  = 要素 {0} におけるvalueSet参照 {1} は、value setではない何か（{2}）を指しています
SD_ED_BIND_NO_BINDABLE  = 要素 {0} はバインディングを持っていますが、バインド可能なタイプは存在しません {1}
SD_ED_BIND_MULTIPLE_TYPES  = 要素 {0} はバインディングを持ち、バインディング対象の複数のタイプが存在します ({1})。バインディングはすべてのタイプに適用されます
DISCRIMINATOR_BAD_PATH  = discriminatorのパス表現の処理中にエラーが発生しました: {0} (src = ''{1}'')
SLICING_CANNOT_BE_EVALUATED  = スライシングは評価できません：{0}
TYPE_SPECIFIC_CHECKS_DT_CANONICAL_RESOLVE  = Canonical URL ''{0}'' は解決できません
TYPE_SPECIFIC_CHECKS_DT_CANONICAL_RESOLVE_NC  = Canonical URL ''{0}'' は存在しますが、ロードできないため、その妥当性をチェックすることはできません
TYPE_SPECIFIC_CHECKS_DT_CANONICAL_TYPE  = Canonical URL ''{0}'' は誤ったタイプのリソースを参照しています。見つかったもの {1} 予期しているもの {2}
CODESYSTEM_CS_NO_SUPPLEMENT  = CodeSystem {0}はsupplementであるため、Coding.systemの値として使用できません
CODESYSTEM_CS_SUPP_CANT_CHECK  = CodeSystem {0}が見つからないので、conceptが有効かどうかを確認できません
CODESYSTEM_CS_SUPP_INVALID_CODE  = 基本のCodeSystem {0}にはcode ''{1}''が宣言されていないため、supplementの中では無効です
SD_VALUE_TYPE_IILEGAL  = 要素 {0} は、許可されたタイプのリスト ({3}) にないタイプ {2} の {1} を持っています
SD_VALUE_TYPE_REPEAT_HINT  = 繰り返し要素には {1} があります。 {1} はすべての繰り返しに適用されます（これはすべてのユーザーには明確でない）
SD_VALUE_TYPE_REPEAT_WARNING_DOTNET  = 繰り返し要素にはプリミティブ型の {1} 値があります。DotNetバリデータはこれをすべての繰り返しに適用しない - これはエラーです
SD_NO_TYPES_OR_CONTENTREF  = 要素 {0} は割り当てられたタイプがなく、コンテンツ参照もありません
CODESYSTEM_CS_UNK_EXPANSION  = 提供されたコード（{2}）は、ValueSet {0}のexpansionには含まれておらず、このValueSetからコードが必要です。system {1}は未知です。
BUNDLE_SEARCH_NOSELF  = SearchSet Bundlesは検索内容を指定するself linkを持っているべきです
BUNDLE_SEARCH_SELF_NOT_UNDERSTOOD  = 検索文字列からタイプを特定できないため、タイプを確認することはできません
BUNDLE_SEARCH_ENTRY_NO_RESOURCE  = SearchSet Bundle Entriesはリソースを持っていなければなりません
BUNDLE_SEARCH_ENTRY_TYPE_NOT_SURE  = このリソースがこの検索のための有効なリソースタイプであるかどうかを判断することができません
BUNDLE_SEARCH_ENTRY_NO_RESOURCE_ID  = 検索結果にはidが必要です
BUNDLE_SEARCH_ENTRY_WRONG_RESOURCE_TYPE_MODE  = これは指定された検索に対する一致するリソースタイプではありません ( {1}を期待しているが {0})
BUNDLE_SEARCH_ENTRY_WRONG_RESOURCE_TYPE_OUTCOME  = これはOperationOutcomeではありません ({0})
BUNDLE_SEARCH_ENTRY_WRONG_RESOURCE_TYPE_NO_MODE  = これは指定された検索に対する一致するリソースタイプではありません（検索モードが必要？） ({0} が {1} を期待しています)
BUNDLE_SEARCH_NO_MODE  = SearchSet bundlesはエントリに検索モードを持っているべきです
INV_FAILED  = ルール {0} が失敗しました
PATTERN_CHECK_STRING  = プロファイル {1} で定義されたパターン [{0}] が見つかりません。問題: {2}
TYPE_SPECIFIC_CHECKS_DT_URL_EXAMPLE  = このコンテキストでのExample URLは許可されていません ({0})
UNICODE_BIDI_CONTROLS_CHARS_DISALLOWED  = このコンテキストでは許可されていない制御文字を含むUnicodeシーケンス: {0}
UNICODE_BIDI_CONTROLS_CHARS_MATCH  = 終端されていない制御文字を含むUnicodeシーケンス（CVE-2021-42574参照）: {0}
CODESYSTEM_CS_HL7_MISSING_ELEMENT_SHALL  = HL7 Defined CodeSystemsは、ユーザーがコードシステムの状態と意味を明確に理解できるように、{0} 要素に対する明確な値を持つべきです
CODESYSTEM_CS_HL7_MISSING_ELEMENT_SHOULD  = HL7 Defined CodeSystemsは、ユーザーがコードシステムの状態と意味を明確に理解できるように、{0} 要素に対する明確な値を持つべきです
CODESYSTEM_CS_NONHL7_MISSING_ELEMENT  = CodeSystemsは、ユーザーがコードシステムの状態と意味を明確に理解できるように、{0} 要素に対する明確な値を持つべきです
CODESYSTEM_CS_HL7_PRESENT_ELEMENT_SUPPL  = CodeSystemsがsupplementである場合は{0} 要素に対する明確な値を持つべきではありません
CODESYSTEM_CS_HL7_PRESENT_ELEMENT_SUPPL_WRONG  = CodeSystem Supplementsは、content要素の値が'supplement'であるべきです
CODESYSTEM_CS_HL7_PRESENT_ELEMENT_SUPPL_MISSING  = CodeSystem Supplementsは、ontent要素の値が'supplement'である場合、どのコードシステムが補足されているかを指定するsupplements要素を持つべきです
TYPE_SPECIFIC_CHECKS_DT_QTY_MIN_NO_QTY  = プロファイルでQuantityを検証する中でタイプ{2}の{0}を見つけました（Quantityでなければなりません）
TYPE_SPECIFIC_CHECKS_DT_QTY_MIN_SYSTEM_MISMATCH  = プロファイルのminValueのsystemが{0}で、値{1}のsystemと異なるため、最小値をチェックできません
TYPE_SPECIFIC_CHECKS_DT_QTY_MIN_CODE_MISMATCH  = プロファイルのminValueにはcode {0}があり、値{1}のcodeと異なるため、最小値をチェックできません
TYPE_SPECIFIC_CHECKS_DT_QTY_MIN_MIN_NO_VALUE  = プロファイルのminValueに実際の値がないため、最小値をチェックできません
TYPE_SPECIFIC_CHECKS_DT_QTY_MIN_VALUE_NO_VALUE  = 数量に実際の値がないため、最小値をチェックできません
TYPE_SPECIFIC_CHECKS_DT_QTY_MIN_MIN_NO_SYSTEM  = プロファイルのminValueにsystemがないため、最小値をチェックできません
TYPE_SPECIFIC_CHECKS_DT_QTY_MIN_VALUE_NO_SYSTEM  = 値にsystemがないため、最小値をチェックできません
TYPE_SPECIFIC_CHECKS_DT_QTY_MIN_MIN_NO_CODE  = プロファイルのminValueにcodeがないため、最小値をチェックできません
TYPE_SPECIFIC_CHECKS_DT_QTY_MIN_VALUE_NO_CODE  = 値にcodeがないため、最小値をチェックできません
TYPE_SPECIFIC_CHECKS_DT_QTY_MIN_NO_UCUM_SVC  = UCUMサービスがなく、UCUMコードが同一でないため、最小値をチェックできません
TYPE_SPECIFIC_CHECKS_DT_QTY_MIN_MIN_NO_CONVERT  = UCUM定義に基づいて値{0}を単位{1}からminValue単位{2}に変換できないため、最小値は無効です
TYPE_SPECIFIC_CHECKS_DT_QTY_MIN_VALUE_WRONG  = インスタンスの値({2})は指定された最小値({3})より小さいです
TYPE_SPECIFIC_CHECKS_DT_QTY_MIN_VALUE_WRONG_UCUM  = UCUM変換後のインスタンスの値({0} {1})は指定されたminValue({2} {3})より小さいです
TYPE_SPECIFIC_CHECKS_DT_QTY_MAX_NO_QTY  = プロファイルでQuantityを検証する中でタイプ{2}の{0}を見つけました（Quantityでなければなりません）
TYPE_SPECIFIC_CHECKS_DT_QTY_MAX_SYSTEM_MISMATCH  = プロファイルのmaxValueのsystemが{0}で、値{1}のsystemと異なるため、最大値をチェックできません
TYPE_SPECIFIC_CHECKS_DT_QTY_MAX_CODE_MISMATCH  = プロファイルのmaxValueにはcode {0}があり、値{1}のcodeと異なるため、最大値をチェックできません
TYPE_SPECIFIC_CHECKS_DT_QTY_MAX_MIN_NO_VALUE  = プロファイルのmaxValueに実際の値がないため、最大値をチェックできません
TYPE_SPECIFIC_CHECKS_DT_QTY_MAX_VALUE_NO_VALUE  = 数量に実際の値がないため、最大値をチェックできません
TYPE_SPECIFIC_CHECKS_DT_QTY_MAX_MIN_NO_SYSTEM  = プロファイルのmaxValueにsystemがないため、最大値をチェックできません
TYPE_SPECIFIC_CHECKS_DT_QTY_MAX_VALUE_NO_SYSTEM  = 値にsystemがないため、最大値をチェックできません
TYPE_SPECIFIC_CHECKS_DT_QTY_MAX_MIN_NO_CODE  = プロファイルのmaxValueにcodeがないため、最大値をチェックできません
TYPE_SPECIFIC_CHECKS_DT_QTY_MAX_VALUE_NO_CODE  = 値にcodeがないため、最大値をチェックできません
TYPE_SPECIFIC_CHECKS_DT_QTY_MAX_NO_UCUM_SVC  = UCUMサービスがなく、UCUMコードが同一でないため、最大値をチェックできません
TYPE_SPECIFIC_CHECKS_DT_QTY_MAX_MIN_NO_CONVERT  = UCUM定義に基づいて値{0}を単位{1}からmaxValue単位{2}に変換できないため、最大値は無効です
TYPE_SPECIFIC_CHECKS_DT_QTY_MAX_VALUE_WRONG  = インスタンスの値({2})は指定された最大値({3})より大きいです
TYPE_SPECIFIC_CHECKS_DT_QTY_MAX_VALUE_WRONG_UCUM  = UCUM変換後のインスタンスの値({0} {1})は指定されたmaxValue({2} {3})より大きいです
TYPE_SPECIFIC_CHECKS_DT_BASE64_NO_WS_ERROR  = Base64エンコードされた値には、空白を含めることはできません（RFC 4648による）。ただし、非検証リーダーは、空白を受け入れることが推奨されています
TYPE_SPECIFIC_CHECKS_DT_BASE64_NO_WS_WARNING  = Base64エンコードされた値は、空白を含めないようにするべきです（RFC 4648による）。ただし、非検証リーダーは、空白を受け入れることが推奨されています
SD_DERIVATION_KIND_MISMATCH  = 構造定義は {0} の種類を制約していますが、異なる種類 ({1}) を持っています
VALUESET_IMPORT_UNION_INTERSECTION  = このValueSetには、複数のインポートされたValueSetを持つ単一の含有物があります。問題https://jira.hl7.org/browse/FHIR-25179によると、これらのValueSetが結合されているのか交差しているのかについて過去に混乱がありました。このValueSetが2022年3月31日以前に公開されたパッケージに含まれている場合、それは結合として扱われます。それ以外の場合は交差として扱われます。結合を希望する場合は、ValueSetのインポートを複数の含有物に分けてください
TX_SERVER_NO_BATCH_RESPONSE  = サーバーはバッチ検証リクエストからnullを返しました
BUNDLE_POSSSIBLE_MATCHES  = バンドルには、Bundle参照解決のルールにより {1} の一致がないが、リソースタイプとIDにより {0} に一致する複数のリソースが含まれています
BUNDLE_BUNDLE_POSSIBLE_MATCH_NO_FU  = エントリ{0}はタイプとIDでreference {1}と一致しますが、Bundle解決ルールによりfull target URL {2}とは一致しません
BUNDLE_BUNDLE_POSSIBLE_MATCH_WRONG_FU  = エントリ{0}はタイプとIDでreference {1}と一致しますが、そのfullUrl {2}はBundle解決ルールによりfull target URL {3}と一致しません
SD_ILLEGAL_CHARACTERISTICS  = この要素は {0} を持っていますが、タイプ {1} はこの種類の制約を関連性あるものにしません
SD_VALUE_COMPLEX_FIXED  = 複合タイプ {0} の場合、インスタンスを過剰に制約することを避けるために、固定値ではなくパターンを使用することを検討してください
VALUESET_SHAREABLE_MISSING  = 公開されたvalue setsはValueSet.{0}の存在を必須としているShareableValueSetプロファイルに準拠すべき(SHOULD)ですが、要素が存在しません。
VALUESET_SHAREABLE_EXTRA_MISSING  = 公開されたvalue setsはValueSet.{0}の存在を推奨しているShareableValueSetプロファイルに準拠すべき(SHOULD)ですが、要素が存在しません。
VALUESET_SHAREABLE_MISSING_HL7  = 公開されたvalue setsはValueSet.{0}の存在を必須としているShareableValueSetプロファイルに準拠しなければなりません(SHALL)が、要素が存在しません。
VALUESET_SHAREABLE_EXTRA_MISSING_HL7  = 公開されたvalue setsはValueSet.{0}の存在を推奨しているShareableValueSetプロファイルに準拠しなければなりません(SHALL)が、要素が存在しません。
CODESYSTEM_SHAREABLE_MISSING  = 公開されたcode systemsはCodeSystem.{0}の存在を必須としているShareableCodeSystemプロファイルに準拠すべき(SHOULD)ですが、要素が存在しません。
CODESYSTEM_SHAREABLE_EXTRA_MISSING  = 公開されたcode systemsはCodeSystem.{0}の存在を推奨しているShareableCodeSystemプロファイルに準拠すべき(SHOULD)ですが、要素が存在しません。
CODESYSTEM_SHAREABLE_MISSING_HL7  = 公開されたcode systemsはCodeSystem.{0}の存在を必須としているShareableCodeSystemプロファイルに準拠しなければなりません(SHALL)が、要素が存在しません。
CODESYSTEM_SHAREABLE_EXTRA_MISSING_HL7  = 公開されたcode systemsはCodeSystem.{0}の存在を推奨しているShareableCodeSystemプロファイルに準拠しなければなりません(SHALL)が、要素が存在しません。
CONCEPTMAP_SHAREABLE_MISSING  = 公開されたコンセプトマップはConceptMap.{0}の存在を必須としているShareableConceptMapプロファイルに準拠すべき(SHOULD)ですが、要素が存在しません。
CONCEPTMAP_SHAREABLE_EXTRA_MISSING  = 公開されたコンセプトマップはConceptMap.{0}の存在を推奨しているShareableConceptMapプロファイルに準拠すべき(SHOULD)ですが、要素が存在しません。
CONCEPTMAP_SHAREABLE_MISSING_HL7  = 公開されたコンセプトマップはConceptMap.{0}の存在を必須としているShareableConceptMapプロファイルに準拠しなければなりません(SHALL)が、要素が存在しません。
CONCEPTMAP_SHAREABLE_EXTRA_MISSING_HL7  = 公開されたコンセプトマップはConceptMap.{0}の存在を必須としているShareableConceptMapプロファイルに準拠しなければなりません(SHALL)が、要素が存在しません。
EASURE_SHAREABLE_MISSING  = 公開されたmeasuresはMeasure.{0}の存在を必須としているShareableMeasureプロファイルに準拠すべき(SHOULD)ですが、要素が存在しません。
EASURE_SHAREABLE_EXTRA_MISSING  = 公開されたmeasuresはMeasure.{0}の存在を推奨しているShareableMeasureプロファイルに準拠すべき(SHOULD)ですが、要素が存在しません。
EASURE_SHAREABLE_MISSING_HL7  = 公開されたmeasuresはMeasure.{0}の存在を必須としているShareableMeasureプロファイルに準拠しなければなりません(SHALL)が、要素が存在しません。
EASURE_SHAREABLE_EXTRA_MISSING_HL7  = 公開されたmeasuresはMeasure.{0}の存在を推奨しているShareableMeasureプロファイルに準拠しなければなりません(SHALL)が、要素が存在しません。
TYPE_SPECIFIC_CHECKS_DT_MARKDOWN_HTML  = markdownには、''{0}'' で始まる組み込みHTMLタグのような内容が含まれています。これは表示層でエスケープされる（またはされるべき(SHOULD)です）。この振る舞いが望ましいものかどうかを確認するために、内容をチェックする必要があります
TYPE_SPECIFIER_ILLEGAL_TYPE  = Type specifier {1} は無効な型 {0} を指定しました
TYPE_SPECIFIER_ABSTRACT_TYPE   = Type specifier {1} は抽象型 {0} を指定しました
TYPE_SPECIFIER_NM_ILLEGAL_TYPE  = Type specifierに一致するものはなく、基底型 {0} は有効ではありません
TYPE_SPECIFIER_NM_ABSTRACT_TYPE  = Type specifierに一致するものはなく、基底型 {0} は抽象的ではありません
ELEMENT_CANNOT_BE_NULL  = 要素が ''null'' であることは許可されていません
ULTIPLE_LOGICAL_MODELS_one = 
ULTIPLE_LOGICAL_MODELS_other = 提供されたプロファイルに {0} 個の論理モデルが見つかったため、論理モデルを解析できません（一つだけでなければならず、{1}個見つかりました）
UNRECOGNISED_PROPERTY_TYPE  = 要素{1}の無効なJSON型{0}；有効な型 = {2}
UNRECOGNISED_PROPERTY_TYPE_WRONG  = 要素{1}の無効な型{2}；有効な型 = {3}、JSON型 = {0}
SD_TYPE_MISSING  = タイプが見つかりません
SD_TYPE_NOT_MATCH_NS  = タイプの名前空間 {0} は、タイプの定義のためのurl名前空間 {1} と一致すべきです
SD_TYPE_NOT_DERIVED  = タイプ {0} は、タイプの基本定義を制約するときにのみタイプとして使用できます
SD_TYPE_NOT_LOCAL  = タイプ {0} は、FHIR仕様で定義されていないため、合法的ではありません。他のタイプには名前空間が必要です
SD_TYPE_NOT_LOGICAL  = タイプ {0} は、種類が 'logical' でない {1} の場合にのみ定義できます
SD_CONSTRAINED_TYPE_NO_MATCH  = タイプ {0} は、制約対象の基本構造 {1} のタイプと同じでなければなりません
SD_SPECIALIZED_TYPE_MATCHES  = タイプ {0} は、特殊化されている基本構造 {1} のタイプと同じであってはなりません
SD_CONSTRAINED_KIND_NO_MATCH  = 種類 {0} は基本構造 {3} の種類 {1} と同じでなければなりません（基本タイプ = {2}）
SD_PATH_TYPE_MISMATCH  = パス {1} は、構造 {0} のタイプで始まらなければなりません
UNABLE_TO_RESOLVE_CONTENT_REFERENCE  = 要素{1}（パス = {2}）のコンテンツ参照{0}を解決できません
UNABLE_TO_RESOLVE_CONTENT_REFERENCE_IN_THIS_CONTEXT  = このコンテキストで要素{1}（パス = {2}）のコンテンツ参照{0}を解決できません
RESOURCETYPE_PROPERTY_WRONG_TYPE  = JSON要素 ''resourceType'' は間違ったJSONタイプを持っています: {0}
DUPLICATE_JSON_PROPERTY  = JSONプロパティ ''{0}'' は重複しているため無視されます
DUPLICATE_JSON_PROPERTY_KEY  = JSONプロパティ ''{0}'' は重複しているため無視されます
JSON_PROPERTY_NO_QUOTES  = JSONプロパティ ''{0}'' のプロパティ名の周りに引用符がありません
JSON_PROPERTY_VALUE_NO_QUOTES  = JSONプロパティ ''{0}'' のプロパティ値 ''{1}'' の周りに引用符がありません
JSON_COMMA_MISSING  = JSONにカンマが足りません
JSON_COMMA_EXTRA  = JSON内の {0} の末尾に余分なカンマがあります
JSON_COMMENTS_NOT_ALLOWED  = JSONではコメントは許可されていません
BUNDLE_LINK_UNKNOWN  = リンク関係タイプ ''{0}'' は未知であり、このコンテキストでは許可されていません
BUNDLE_LINK_SEARCH_PROHIBITED  = このコンテキストでは、検索セットで使用されるリンク関係タイプ ''{0}'' は禁止されています
BUNDLE_LINK_SEARCH_NO_DUPLICATES  = リンク関係タイプ ''{0}'' は一度だけ発生できます
BUNDLE_LINK_STYELSHEET_EXTERNAL  = https://hl7.org/fhir/fhir.css 以外の外部スタイルシートは使用しないほうが良いです
BUNDLE_LINK_STYELSHEET_INSECURE  = スタイルシートの参照は安全ではありません
BUNDLE_LINK_STYELSHEET_LINKABLE  = スタイルシートの参照は解決可能なリンクではありません
BUNDLE_LINK_STYELSHEET_NOT_FOUND  = このバンドルではスタイルシートの参照を解決できません
EXT_VER_URL_NO_MATCH  = 拡張URLはバージョンを持っていません。バリデータはバージョンに基づく解決を使用してもこのURLを解決できませんでした
EXT_VER_URL_IGNORE  = 拡張URLはバージョンを持っていません。バリデータはバージョンを無視して拡張を処理しました
EXT_VER_URL_MISLEADING  = 拡張URLに ''|'' が含まれているため、バージョン付きのURLのように見えますが、そうではなく、これは実装者にとって混乱の元です
EXT_VER_URL_NOT_ALLOWED  = 拡張URLにはバージョンを含めてはなりません
EXT_VER_URL_REVERSION  = 拡張URLにはバージョンを含めてはなりません。拡張は拡張のバージョン {0} に対して検証されました
ILLEGAL_COMMENT_TYPE  = fhir_commentsプロパティは文字列の配列でなければならない
SD_NO_SLICING_ON_ROOT  = プロファイルのルートでのスライシングは許可されていません
REFERENCE_REF_QUERY_INVALID  = 条件付き参照のクエリ部分は有効なクエリ文字列ではありません ({0})
SM_RULEGROUP_NOT_FOUND  = グループ {0} を解決できませんでした
SM_RULEGROUP_PARAM_COUNT_MISMATCH  = グループ {0} は {1} 個のパラメータを使って呼び出されていますが、実際には {2} 個を取ります
SM_NAME_INVALID  = 名前 {0} は有効ではありません
SM_GROUP_NAME_DUPLICATE  = グループ名 ''{0}'' はすでに使用されています
SM_GROUP_INPUT_DUPLICATE  = 名前 {0} はすでに使用されています
SM_GROUP_INPUT_MODE_INVALID  = グループパラメータ {0} モード {1} は有効ではありません
SM_GROUP_INPUT_NO_TYPE  = グループ {1} パラメータ {0} にはタイプがないため、パスを検証することはできません
SM_GROUP_INPUT_TYPE_NOT_DECLARED  = タイプ {0} は宣言されておらず、未知です
SM_GROUP_INPUT_MODE_MISMATCH  = タイプ ''{0}'' はmode ''{1}'' を持っていますが、これはstructure definitionのmode ''{2}'' と一致しません
SM_GROUP_INPUT_TYPE_UNKNOWN_STRUCTURE  = canonical URL {1} にマップするタイプ {0} は未知です。パスを検証することはできません
SM_GROUP_INPUT_TYPE_UNKNOWN_TYPE  = タイプ {0} は未知なので、パスを検証することはできません
SM_SOURCE_CONTEXT_UNKNOWN  = ソースコンテキスト {0} はこの時点では未知です
SM_SOURCE_PATH_INVALID  = ソースパス {0}.{1} は未知のパス {2} を参照しています
SM_RULE_SOURCE_MIN_REDUNDANT  = 最小値 {0} は冗長です、なぜなら有効な最小値は {0} だからです
SM_RULE_SOURCE_MAX_REDUNDANT  = 最大値 {0} は冗長です、なぜなら有効な最大値は {0} だからです
SM_RULE_SOURCE_LISTMODE_REDUNDANT  = listModeの値 {0} は冗長です、なぜなら有効な最大値は {0} だからです
SM_TARGET_CONTEXT_UNKNOWN  = ターゲットコンテキスト ''{0}'' はこの時点では未知です
SM_TARGET_PATH_INVALID  = ターゲットパス {0}.{1} は未知のパス {2} を参照しています
SM_NO_LIST_MODE_NEEDED  = listModeは、一度だけ実行できるルールであるため、提供されるべきではありません
SM_NO_LIST_RULE_ID_NEEDED  = listRuleIdは、一度だけ実行できるルールであるため、提供されるべきではありません
SM_LIST_RULE_ID_ONLY_WHEN_SHARE  = ruleIdは、listModeが ''share'' の場合にのみ提供されるべきです
SM_RULE_SOURCE_UNASSIGNED  = ソースステートメントはソースに変数を割り当てません - これが意図したものかどうかを確認してください
SM_TARGET_PATH_MULTIPLE_MATCHES  = ターゲットパス {0}.{1} はパス {2} を参照していますが、これは複数の要素 ({3}) を参照する可能性があります。これ以上のチェックはできません
SM_SOURCE_TYPE_INVALID  = タイプ {0} はソースコンテキスト {1} で有効ではありません。可能なタイプは [{2}] です
SM_TARGET_TRANSFORM_PARAM_COUNT_RANGE  = transform {0}は{1}〜{2}のパラメータを取りますが、{3}が見つかりました
SM_TARGET_TRANSFORM_PARAM_COUNT_SINGLE  = transform {0}は{1}個のパラメータを取りますが、{2}が見つかりました
SM_TARGET_TRANSFORM_NOT_CHECKED  = transform {0} はまだチェックされていません
SM_TARGET_NO_TRANSFORM_NO_CHECKED  = transformがない場合、パラメータは提供できません
SM_TARGET_TRANSFORM_TYPE_UNPROCESSIBLE  = {0}のタイプパラメータの値を処理できませんでした
SM_TARGET_TRANSFORM_PARAM_UNPROCESSIBLE  = インデックス{0}のパラメータを処理できませんでした（タイプ= {1}）
SM_TARGET_TRANSFORM_EXPRESSION_ERROR  = 評価パラメータとして渡されたFHIRPath式が無効です：{0}
SM_IMPORT_NOT_FOUND  = {0} に一致するマップが見つかりませんでした - 検証が間違っている可能性があります
SM_TARGET_TYPE_MULTIPLE_POSSIBLE  = ここでは複数のタイプが可能です（{0}）。したがって、さらなるタイプチェックは不可能です
SM_TARGET_TRANSFORM_TYPE_UNKNOWN  = タイプ''{0}''は未知です
SM_DEPENDENT_PARAM_MODE_MISMATCH  = パラメータ {0} は変数 {1} を参照していますが、そのモードは {2} であり、これはグループ {3} で必要とされるモードと同じではありません
SM_DEPENDENT_PARAM_NOT_FOUND  = {1} パラメータ ''{0}'' は見つかりませんでした
SM_DEPENDENT_PARAM_TYPE_MISMATCH  = パラメータ ''{0}'' は変数 ''{1}'' を参照していますが、そのタイプは ''{2}'' であり、これはグループ ''{3}'' で必要とされるタイプと互換性がありません。必要なタイプは ''{4}'' （マップ ''{5}'' から）
SM_ORPHAN_GROUP  = グループ {0} はこのマッピングスクリプト内から正常に呼び出されておらず、それの入力にタイプがないため、タイプの確認はできません
SM_SOURCE_TYPE_NOT_FOUND  = ソースタイプが見つからなかったので、この暗示的な依存ルールのデフォルトグループを決定できませんでした
SM_TARGET_TYPE_NOT_FOUND  = ターゲットタイプが見つからなかったため、この暗黙の依存ルールのデフォルトグループを決定できませんでした
SM_MATCHING_RULEGROUP_NOT_FOUND  = ソース={0} とターゲット={1} のタイプペアのデフォルトルールを見つけることができません
SM_TARGET_TRANSFORM_MISSING_PARAMS  = translate操作の1つ以上のパラメータが欠落しています（3である必要がありますが、{0}でした）
SM_TARGET_TRANSFORM_TRANSLATE_NO_PARAM  = {0}パラメータの値が見つかりません
SM_TARGET_TRANSFORM_TRANSLATE_UNKNOWN_SOURCE  = ソース変数{0}は不明です
SM_TARGET_TRANSFORM_OP_UNKNOWN_SOURCE  = 変換{0}には{2}の{1}変数がありません
SM_TARGET_TRANSFORM_OP_INVALID_TYPE  = {1}変数{0}のタイプ{2}が無効です - プリミティブである必要があります
SM_TARGET_TRANSFORM_TRANSLATE_CM_NOT_FOUND  = map_uri ''{0}''が解決できなかったため、マップをチェックできません
SM_TARGET_TRANSFORM_TRANSLATE_CM_BAD_MODE  = 出力パラメータの値''{0}''が正しくありません
SM_TARGET_TRANSLATE_BINDING_SOURCE  = ソース変数に必要なバインディングがありません。したがって、このコンセプトマップをチェックできません
SM_TARGET_TRANSLATE_BINDING_VS_SOURCE  = ソース変数が不明なValueSet''{0}''を参照しているため、このコンセプトマップをチェックできません
SM_TARGET_TRANSLATE_BINDING_VSE_SOURCE  = ソースValueSetの展開中にエラーが発生したため、このコンセプトマップをチェックできませんでした：''{0}''
SM_TARGET_TRANSLATE_BINDING_SOURCE_UNMAPPED  = ソースValueSetには、マップが翻訳しない1つ以上のコードが含まれています：{0}
SM_TARGET_TRANSLATE_BINDING_TARGET  = ターゲット変数に必要なバインディングがありません。したがって、このコンセプトマップをチェックできません
SM_TARGET_TRANSLATE_BINDING_VS_TARGET  = ターゲット変数が不明なValueSet''{0}''を参照しているため、このコンセプトマップをチェックできません
SM_TARGET_TRANSLATE_BINDING_VSE_TARGET  = ターゲットValueSetの展開中にエラーが発生したため、このコンセプトマップをチェックできませんでした：''{0}''
SM_TARGET_TRANSLATE_BINDING_TARGET_WRONG  = マップが生成する1つ以上のコードが、ターゲットValueSetに含まれていません：{0}
CONCEPTMAP_GROUP_SOURCE_MISSING  = ソースコードシステムがないため、ソースコードをチェックすることはできません
CONCEPTMAP_GROUP_SOURCE_UNKNOWN  = Source Code System {0}は完全に定義されておらずデータが不足しています。また、sourceScopeも指定されていないため、source codeのチェックは実行されません。
CONCEPTMAP_GROUP_TARGET_MISSING  = Target Code Systemが存在しないため、target codeをチェックすることはできません
CONCEPTMAP_GROUP_TARGET_UNKNOWN  = Target Code System {0}は完全に定義されておらずデータが不足しています。また、targetScopeも指定されていないため、ソースコードのチェックは実行されません。
CONCEPTMAP_GROUP_SOURCE_CODE_INVALID  = source code ''{0}'' はCode System {1} で有効ではありません
CONCEPTMAP_GROUP_SOURCE_CODE_INVALID_VS = source code ''{0}'' はValue Set {1} で有効ではありません
CONCEPTMAP_GROUP_SOURCE_DISPLAY_INVALID  = source display ''{0}'' は有効ではありません。可能性のあるcode {1}
CONCEPTMAP_GROUP_TARGET_CODE_INVALID  = target code ''{0}''はCode System {1} で有効ではありません
CONCEPTMAP_GROUP_TARGET_CODE_INVALID_VS = target code ''{0}'' はValue Set {1} で有効ではありません
CONCEPTMAP_GROUP_TARGET_DISPLAY_INVALID  = target display ''{0}'' は有効ではありません。可能なdisplayは {1} です
CONCEPTMAP_GROUP_TARGET_PROPERTY_INVALID  = プロパティコード ''{0}'' は未知です
CONCEPTMAP_GROUP_TARGET_PROPERTY_TYPE_MISMATCH  = このプロパティのタイプは {0} ではなく {1} であるべきです
CONCEPTMAP_GROUP_TARGET_PROPERTY_TYPE_NO_SYSTEM  = systemが提供されていないため、プレーンなコードは使用できません
CONCEPTMAP_GROUP_TARGET_PROPERTY_CODE_INVALID  = code {0} はsystem {1} 内で無効です
CONCEPTMAP_GROUP_TARGET_PROPERTY_TYPE_UNKNOWN_SYSTEM  = system {0} は未知なので、コードの値をチェックすることはできません
SM_DEPENDENT_PARAM_TYPE_MISMATCH_DUPLICATE  = グループ {0} はすでに異なるパラメータで使用されているため、タイプのチェックが正しくない可能性があります (他 = [{1}]；これ = [{2}])
CONCEPTMAP_GROUP_SOURCE_INCOMPLETE  = Source Code System {0}にはすべてのコンテンツ（コンテンツ = {1}）がないため、ソースコードをチェックすることはできません
CONCEPTMAP_GROUP_TARGET_INCOMPLETE  = ターゲットのCode System {0} は全てのコンテンツ（content = {1}）を持っていないため、ターゲットのコードをチェックすることはできません
SD_NO_TYPE_CODE_ON_CODE  = {1} 要素 {0} のsnapshotには値のないtype.codeがあります
UNKNOWN_CODESYSTEM  = CodeSystem {0}は未知です
UNKNOWN_CODESYSTEM_VERSION  = CodeSystem {0}のバージョン{1}は未知です。有効なバージョン: {2}
UNABLE_TO_INFER_CODESYSTEM  = ValueSet {1}内のコード{0}のシステムURIを決定できませんでした
VALUESET_TOO_COSTLY  = ValueSet {0}には多すぎるコードがあり、表示できません({1})
VALUESET_TOO_COSTLY_TIME = ValueSet {0}の処理に時間がかかっています (>{1}sec)
NO_VALID_DISPLAY_FOUND_one  = 言語 {4} で {1}#{2} の有効なdisplayが見つかりません
NO_VALID_DISPLAY_FOUND_other  = 言語 {4} で {1}#{2} の有効なdisplayが見つかりません
SD_NO_CONTEXT_WHEN_NOT_EXTENSION  = タイプは {0} なので、extensionのコンテキストを指定するべきではありません
SD_NO_CONTEXT_INV_WHEN_NOT_EXTENSION  = タイプは {0} なので、extensionのコンテキスト不変性を指定するべきではありません
SD_CONTEXT_SHOULD_NOT_BE_ELEMENT  = extensionタイプを確認してください：extensionはそれらが本当にどこでも使用できることを意図したものではない限り、 {0} のコンテキストを持つべきではありません
ED_PATH_WRONG_TYPE_MATCH  = タイプリストが制約されていない場合、パスは ''{0}'' でなければならず、 ''{1}'' ではありません
ATTEMPT_TO_CHANGE_SLICING  = 要素 {0} でスライシング {1} を定義していますが、スライシング {2} の要素でスライシングを {3} に再定義しようとしています
REPEAT_SLICING_IGNORED  = {0} の要素はスライスを定義していますが、スライス内の要素 {2} で再定義されており、それは無視されます
SD_ELEMENT_NOT_IN_CONSTRAINT  = {1} の要素定義には、プロファイルでは許されないプロパティ {0} があります
SD_OBGLIGATION_PROFILE_UKNOWN  = プロファイルはobligationプロファイルとしてマークされていますが、基本プロファイル ''{0}'' が不明なため、その正確さを確認することはできません
SD_OBGLIGATION_PROFILE_DERIVATION  = 他のプロファイルを制約するプロファイルだけがobligationプロファイルとしてマークされることができます
SD_OBGLIGATION_PROFILE_UNMATCHED  = 要素 ''{0}'' は、このobligationプロファイルが基づいているプロファイル ''{1}'' に同等のものがありません
SD_OBGLIGATION_PROFILE_PATH_WRONG  = 要素 ''{0}'' のパス値 ''{1}'' は、基本パス ''{2}'' と一致しません
SD_OBGLIGATION_PROFILE_ILLEGAL  = 要素 ''{0}'' は、obligationプロファイルでは許可されていないプロパティ ''{1}'' を持っています
SD_OBGLIGATION_PROFILE_ILLEGAL_ON_BINDING  = 要素 ''{0}'' は、obligationプロファイルでは許可されていないバインディングプロパティ ''{1}'' を持っています
SD_OBGLIGATION_PROFILE_ILLEGAL_BINDING  = 要素 ''{0}'' は、基本要素が持たないバインディングを持っていて、これはobligationプロファイルでは許されていない
SD_OBGLIGATION_PROFILE_INVALID_BINDING_CODE  = 要素 ''{0}'' は、obligationプロファイルでは許可されていない追加のバインディング目的 ''{1}'' を持っています
SD_OBGLIGATION_PROFILE_INVALID_BINDING_STRENGTH  = 要素 ''{0}'' は、基本 (''{2}'') とは異なるバインディング強度 (''{1}'') を持っていて、これはobligationプロファイルでは許可されていません
SD_OBGLIGATION_INHERITS_PROFILE_NO_TARGET  = このextensionから値を読み取ることができません
SD_OBGLIGATION_INHERITS_PROFILE_TARGET_NOT_FOUND  = プロファイル ''{0}'' が見つかりませんでした
SD_OBGLIGATION_INHERITS_PROFILE_NOT_RIGHT_TYPE  = プロファイル ''{0}'' はobligationプロファイルとしてマークされていません
SD_OBGLIGATION_INHERITS_PROFILE_NOT_RIGHT_BASE  = プロファイル ''{0}'' は予期された ''{2}'' ではなく、異なるベース''{1}'' を持っています
RND_CS_CONTENT_COMPLETE  = この<param name="cased"/>コードシステム <param name="cs"/> は次のコード<if test="code-count != 1">たち</if><param name="h"/>を定義します:
RND_CS_CONTENT_EXAMPLE  = この<param name="cased"/>コードシステム <param name="cs"/> はいくつかの例コード<if test="code-count != 1">たち</if><param name="h"/>を提供します:
RND_CS_CONTENT_FRAGMENT  = この<param name="cased"/>コードシステム <param name="cs"/> は以下のコード<param name="h"/>を含むフラグメントを提供します:
RND_CS_CONTENT_NOTPRESENT  = このコードシステム <param name="cs"/> はコード<param name="h"/>を定義しますが、ここではコードは表現されていません
RND_CS_CONTENT_SUPPLEMENT  = このコードシステム <param name="cs"/> は次のコードに {0} を定義します:
QUESTIONNAIRE_Q_UNKNOWN_DERIVATION  = 派生に参照されるQuestionnaire ''{0}'' が見つかりませんでした
QUESTIONNAIRE_Q_NO_DERIVATION_TYPE  = Questionnaire ''{0}'' は ''http://hl7.org/fhir/StructureDefinition/questionnaire-derivationType'' 拡張を使用して派生タイプが指定されていないため、派生がチェックされていません
QUESTIONNAIRE_Q_NO_DERIVATION_TYPE_VALUE  = 派生extensionには値がありません
QUESTIONNAIRE_Q_DERIVATION_TYPE_IGNORED  = 派生タイプ ''{0}'' は、このQuestionnaireに対して派生チェックが実行されていないことを意味します
QUESTIONNAIRE_Q_DERIVATION_TYPE_UNKNOWN  = 派生タイプ ''{0}'' は未知で、これはこのQuestionnaireに対して派生チェックが実行されていないことを意味します
QUESTIONNAIRE_Q_ITEM_NOT_DERIVED  = Questionnaire ''{0}'' でlinkId ''{1}'' のアイテムが見つかりません
QUESTIONNAIRE_Q_ITEM_DERIVED_NC_TYPE  = Questionnaire ''{0}'' で見つかったlinkId ''{1}'' のアイテムはタイプ ''{2}'' を持ち、これを ''{3}'' に変更することはできません
QUESTIONNAIRE_Q_ITEM_DERIVED_NC_REPEATS  = Questionnaire ''{0}'' で見つかったlinkId ''{1}'' のアイテムは繰り返しませんので、ここでも繰り返すことはできません
QUESTIONNAIRE_Q_ITEM_DERIVED_NC_REQUIRED  = Questionnaire ''{0}'' で見つかったlinkId ''{1}'' のアイテムは必須なので、ここでも必須でなければなりません
QUESTIONNAIRE_Q_ITEM_DERIVED_NC_DEFINITION  = Questionnaire ''{0}'' で見つかったlinkId ''{1}'' のアイテムは定義 ''{2}'' を持っています。これを変更するつもりですか？
QUESTIONNAIRE_Q_ITEM_DERIVED_DEFINITION  = Questionnaire ''{0}'' で見つかったlinkId ''{1}'' のアイテムは定義 ''{2}'' を持っているため、これはここでも繰り返されるべきです
QUESTIONNAIRE_Q_ITEM_DERIVED_NC_MAXLENGTH  = Questionnaire ''{0}'' で見つかったlinkId ''{1}'' のアイテムはmaxLength ''{2}'' を持っているため、最大長はそれを超えることはできません
QUESTIONNAIRE_Q_ITEM_DERIVED_MAXLENGTH  = Questionnaire ''{0}'' で見つかったlinkId ''{1}'' のアイテムは定義 ''{2}'' を持っているため、このアイテムもまた最大長を持つ必要があります
QUESTIONNAIRE_Q_ITEM_DERIVED_NC_ANSWER_TYPE  = Questionnaire ''{0}'' で見つかったlinkId ''{1}'' のアイテムはanswer{2}を持っていますが、これはanswer{3}を持っています。これは有効かもしれませんが、バリデータは（まだ？）それを確認することはできません
QUESTIONNAIRE_Q_ITEM_DERIVED_NI_ANSWER_VS  = バリデータは（まだ？）派生アイテムValueSetの整合性を確認することはできません
QUESTIONNAIRE_Q_ITEM_DERIVED_ANSWER_OPTIONS  = Questionnaire ''{0}'' で見つかったlinkId ''{1}'' のアイテムはanswerOptionsを持っているため、このアイテムも同様に持つ必要があります
QUESTIONNAIRE_Q_ITEM_DERIVED_ANSWER_OPTIONS_NEW  = Questionnaire ''{0}'' で見つかったlinkId ''{1}'' のアイテムはこのanswerOptionを持っていないため、それは有効ではありません
PRIMITIVE_MUSTHAVEVALUE_MESSAGE  = プロファイル ''{1}'' の要素定義 {0} では、この要素に値が存在することが必要です
PRIMITIVE_VALUE_ALTERNATIVES_MESSAGE_one  = プロファイル ''{1}'' の要素定義 {0} では、値が存在しない場合、extension ''{2}'' が存在する必要があります
PRIMITIVE_VALUE_ALTERNATIVES_MESSAGE_other  = プロファイル ''{1}'' の要素定義 {0} では、値が存在しない場合、extension ''{2}'' のいずれかが存在する必要があります
ED_INVARIANT_NO_KEY  = 制約にキーがないため、コンテンツは検証できません
ED_INVARIANT_KEY_ALREADY_USED  = 制約キー ''{0}'' は既に基本プロファイル ''{1}'' に存在します
ED_INVARIANT_NO_EXPRESSION  = 制約 ''{0}'' には計算可能な式がないため、バリデータはこれをチェックできません
ED_INVARIANT_EXPRESSION_CONFLICT  = 制約 ''{0}'' は式 ''{1}'' を持ち、それは以前に提供された ''{2}'' と異なります (不変は繰り返し可能ですが、異なることはできません)
ED_INVARIANT_EXPRESSION_ERROR  = 制約 ''{0}'' の式 ''{1}'' でエラーが発生しました: {2}
SNAPSHOT_IS_EMPTY  = プロファイル''{0}''のsnapshotが空です（これは起こるべきではありません）
TERMINOLOGY_TX_HINT  = {1}
TERMINOLOGY_TX_WARNING  = {1}
SD_ED_TYPE_WRONG_TYPE_one  = 要素はタイプ {0} を持っていますが、これは基本プロファイル {2} のタイプ {1} と異なります
SD_ED_TYPE_WRONG_TYPE_other  = 要素はタイプ {0} を持っていますが、これは基本プロファイル {2} のタイプ {1} にはありません
VALUESET_CONCEPT_DISPLAY_PRESENCE_MIXED  = この含有物には表示ありのconceptと表示なしのconceptが混在しています - 意図した通りか確認してください
VALUESET_CONCEPT_DISPLAY_SCT_TAG_MIXED  = このSNOMED-CTベースの含有物には、セマンティックタグ（FSN用語）付きのconceptとそれ無し（優先用語）のconceptが混在しています - 意図した通りか確認してください
CS_SCT_IPS_NOT_IPS  = Snomed CT コード {0} ({1}) は IPS free set のメンバーではありません
UNICODE_XML_BAD_CHARS_one  = この内容には文字{1}（16進数値）が含まれています。この文字はFHIRのXMLバージョンでは不適合で、通常、そのような文字を有効に使用することはありません
UNICODE_XML_BAD_CHARS_other  = この内容には文字{1}（16進数値）が含まれています。これらの文字はFHIRのXMLバージョンでは不適合で、通常、そのような文字を有効に使用することはありません
LIQUID_UNKNOWN_FILTER  = 未知のLiquidフィルター '''{0}'''
LIQUID_UNKNOWN_SYNTAX  = Liquidステートメントの解析中に予期しない構文がありました
LIQUID_SYNTAX_EXPECTING  = スクリプト {0}: '{1}'を見つけましたが、解析サイクルで'{2}'を期待していました
LIQUID_SYNTAX_UNTERMINATED  = スクリプト {0}: 解析サイクルで終了していない文字列を見つけました
LIQUID_UNKNOWN_FLOW_STMT  = スクリプト {0}: 未知のフローコントロールステートメント ''{1}''
LIQUID_UNKNOWN_NOEND  = スクリプト {0}: {1}を探しているときにスクリプトの終了を見つけました
LIQUID_SYNTAX_INCLUDE  = スクリプト {0}: インクルードの読み込みエラー: {1}
LIQUID_SYNTAX_LOOP  = スクリプト {0}: ループの読み込みエラー: {1}
LIQUID_SYNTAX_NOTERM  = スクリプト {0}: 終了していないLiquidステートメント {1}
LIQUID_UNKNOWN_NOTERM  = スクリプト {0}: 終了していないLiquidステートメント {1}
LIQUID_SYNTAX_COLON  = {0}の評価例外: limitの後に':'が続きません
LIQUID_SYNTAX_NUMBER  = {0}の評価例外: limitの後に数字が続いていません
LIQUID_SYNTAX_UNEXPECTED  = {0}の評価例外: {1}で予期しない内容があります
LIQUID_VARIABLE_ALREADY_ASSIGNED  = Liquid例外: 変数 ''{0}'' はすでに値が割り当てられています
LIQUID_VARIABLE_ILLEGAL  = Liquid例外: 変数名 ''{0}'' は使用できません
ED_INVARIANT_DIFF_NO_SOURCE  = differantialで定義された不変 {0} はソースを持たないか、ソースはプロファイルと同じでなければなりません
FHIRPATH_COLLECTION_STATUS_OPERATION_LEFT  = 左側は本質的にコレクションであるため、評価されるコンテンツに複数のアイテムがある場合、式 ''{0}'' が失敗したり、falseを返したりする可能性があります
FHIRPATH_COLLECTION_STATUS_OPERATION_RIGHT  = 右側は本質的にコレクションであるため、評価されるコンテンツに複数のアイテムがある場合、式 ''{0}'' が失敗したり、falseを返したりする可能性があります
SD_EXTENSION_URL_MISMATCH = extension URLの固定値{1}はcanonical URL {0}と一致しません
SD_EXTENSION_URL_MISSING = Extension.urlの値がextension URL {0}に固定されていません
SG_DEPRECATED = Reference to deprecated item {0} 
SG_WITHDRAWN = Reference to withdrawn item {0}
SG_RETIRED = Reference to retired item {0} 
SG_EXPERIMENTAL = Reference to experimental item {0}
SG_DRAFT = Reference to draft item {0}
SG_DEPRECATED_SRC = Reference to deprecated item {0} from {1}
SG_WITHDRAWN_SRC = Reference to withdrawn item {0} from {1}
SG_RETIRED_SRC = Reference to retired item {0} from {1}
SG_EXPERIMENTAL_SRC = Reference to experimental item {0} from {1}
SG_DRAFT_SRC = Reference to draft item {0} from {1}
STATUS_CODE_WARNING = The code is valid but is {0}
STATUS_CODE_HINT = The code is {0}
STATUS_CODE_WARNING_CODE = The code ''{1}'' is valid but is {0}
STATUS_CODE_HINT_CODE = The code ''{1}'' is {0}
SD_ED_TYPE_PROFILE_WRONG_TYPE_one = type {0} はプロファイル {2} で許可されたtypeのリスト {1} にありません
SD_ED_TYPE_PROFILE_WRONG_TYPE_other = type {0} はプロファイル {2} で許可されたtypeのリスト {1} にありません
SG_DEPENDS_ON_DEPRECATED = The {0} {1} is deprecated
SG_DEPENDS_ON_WITHDRAWN = The {0} {1} is withdrawn
SG_DEPENDS_ON_RETIRED = The {0} {1} is retired
SG_DEPENDS_ON_EXPERIMENTAL = The {0} {1} is an experimental resource
SG_DEPENDS_ON_DRAFT = The {0} {1} is a draft resource
SG_DEPENDS_ON_EXTENSION = extension
SG_DEPENDS_ON_PROFILE = profile
VALIDATION_VAL_STATUS_INCONSISTENT = リソースのステータス "{0}"は標準のステータス "{1}"と一貫していません
VALIDATION_VAL_STATUS_INCONSISTENT_HINT = リソースのステータス "{0}"は標準のステータス "{1}"と一貫しないため、確認すべきです
CODESYSTEM_CS_COUNT_COMPLETE_WRONG = CodeSystem.contentがcompleteであるにもかかわらず、conceptの数 ({0})がCodeSystem.count ({1})と一致しません
CODESYSTEM_CS_COUNT_FRAGMENT_WRONG = CodeSystem.contentがfragment/exampleであるにもかかわらず、conceptの数 ({0})がCodeSystem.count ({1})を超えています
CODESYSTEM_CS_COUNT_NOTPRESENT_ZERO = CodeSystem.contentがnot-presentであるにもかかわらず、CodeSystem.countに0より大きい値が指定されています。これがconceptを持たないcompleteなコードシステムであることを確認するか、countの値を更新/削除してください。
CODESYSTEM_CS_COUNT_SUPPLEMENT_WRONG = このsupplementコードシステムはcountの値が{1}ですが、配下のcodesysteのcountの値と一致しません
CODESYSTEM_CS_COUNT_NO_CONTENT_ALLOWED = CodeSystem.contentがnot-presentであるにもかかわらず、conceptが見つかりました
VALUESET_CIRCULAR_REFERENCE = ValuSetのpathway {1}を処理中に{0}への循環参照が見つかりました
VALUESET_SUPPLEMENT_MISSING_one = 必要なsupplementが見つかりません: {1}
VALUESET_SUPPLEMENT_MISSING_other = 必要なsupplementが見つかりません: {1}
CONCEPTMAP_VS_TOO_MANY_CODES = concept mapに大量のcodeが含まれるため、バリデーションできません: {0}
CONCEPTMAP_VS_INVALID_CONCEPT_CODE = システム {0}におけるcode "{1}"は value set "{2}"で有効ではありません
CONCEPTMAP_VS_INVALID_CONCEPT_CODE_VER = バージョン {1}のシステム {0}におけるcode "{2}"は value set "{3}"で有効ではありません
VALUESET_INC_TOO_MANY_CODES = value setに大量のcodeが含まれるため、バリデーションできません: {0}
